2026-03-27 17:49:17,423 - INFO - 
=================================================================
2026-03-27 17:49:17,423 - INFO - 🚀 SCRAPER UNIVERSAL - EXTRAYENDO CORNERS REALES
2026-03-27 17:49:17,423 - INFO - =================================================================

2026-03-27 17:49:17,423 - INFO - 
=================================================================
2026-03-27 17:49:17,423 - INFO - 🏆 LIGA: ENGLAND
2026-03-27 17:49:17,423 - INFO - =================================================================
2026-03-27 17:49:17,423 - INFO - 🌐 Scrapeando FootyStats: https://footystats.org/england/premier-league
2026-03-27 17:49:17,424 - INFO - ====== WebDriver manager ======
2026-03-27 17:49:17,903 - INFO - Get LATEST chromedriver version for google-chrome
2026-03-27 17:49:18,008 - INFO - Get LATEST chromedriver version for google-chrome
2026-03-27 17:49:18,075 - INFO - Driver [/Users/sergiolimas/.wdm/drivers/chromedriver/mac64/146.0.7680.165/chromedriver-mac-arm64/chromedriver] found in cache
2026-03-27 17:49:25,258 - INFO - 📊 Encontradas 170 filas en england
2026-03-27 17:49:25,340 - INFO - 💾 Guardado: /Users/sergiolimas/Desktop/PREDICATOR/static/england_stats.json
2026-03-27 17:49:25,340 - INFO - 📈 Total equipos: 0
2026-03-27 17:49:27,346 - INFO - 
=================================================================
2026-03-27 17:49:27,346 - INFO - 🏆 LIGA: SPAIN
2026-03-27 17:49:27,346 - INFO - =================================================================
2026-03-27 17:49:27,346 - INFO - 🌐 Scrapeando FootyStats: https://footystats.org/spain/laliga
2026-03-27 17:49:27,346 - INFO - ====== WebDriver manager ======
2026-03-27 17:49:27,510 - INFO - Get LATEST chromedriver version for google-chrome
2026-03-27 17:49:27,583 - INFO - Get LATEST chromedriver version for google-chrome
2026-03-27 17:49:27,795 - INFO - Driver [/Users/sergiolimas/.wdm/drivers/chromedriver/mac64/146.0.7680.165/chromedriver-mac-arm64/chromedriver] found in cache
2026-03-27 17:49:44,841 - ERROR - ❌ Error con FootyStats en spain: Message: 

2026-03-27 17:49:44,930 - INFO - 💾 Guardado: /Users/sergiolimas/Desktop/PREDICATOR/static/spain_stats.json
2026-03-27 17:49:44,930 - INFO - 📈 Total equipos: 0
2026-03-27 17:49:46,934 - INFO - 
=================================================================
2026-03-27 17:49:46,935 - INFO - 🏆 LIGA: GERMANY
2026-03-27 17:49:46,935 - INFO - =================================================================
2026-03-27 17:49:46,935 - INFO - 🌐 Scrapeando FootyStats: https://footystats.org/germany/bundesliga
2026-03-27 17:49:46,935 - INFO - ====== WebDriver manager ======
2026-03-27 17:49:47,103 - INFO - Get LATEST chromedriver version for google-chrome
2026-03-27 17:49:47,255 - INFO - Get LATEST chromedriver version for google-chrome
2026-03-27 17:49:47,324 - INFO - Driver [/Users/sergiolimas/.wdm/drivers/chromedriver/mac64/146.0.7680.165/chromedriver-mac-arm64/chromedriver] found in cache
2026-03-27 17:49:53,325 - INFO - 📊 Encontradas 168 filas en germany
2026-03-27 17:49:53,408 - INFO - 💾 Guardado: /Users/sergiolimas/Desktop/PREDICATOR/static/germany_stats.json
2026-03-27 17:49:53,409 - INFO - 📈 Total equipos: 0
2026-03-27 17:49:55,414 - INFO - 
=================================================================
2026-03-27 17:49:55,414 - INFO - 🏆 LIGA: ITALY
2026-03-27 17:49:55,414 - INFO - =================================================================
2026-03-27 17:49:55,414 - INFO - 🌐 Scrapeando FootyStats: https://footystats.org/italy/serie-a
2026-03-27 17:49:55,414 - INFO - ====== WebDriver manager ======
2026-03-27 17:49:55,627 - INFO - Get LATEST chromedriver version for google-chrome
2026-03-27 17:49:55,691 - INFO - Get LATEST chromedriver version for google-chrome
2026-03-27 17:49:55,759 - INFO - Driver [/Users/sergiolimas/.wdm/drivers/chromedriver/mac64/146.0.7680.165/chromedriver-mac-arm64/chromedriver] found in cache
2026-03-27 17:50:00,954 - INFO - 📊 Encontradas 170 filas en italy
2026-03-27 17:50:01,032 - INFO - 💾 Guardado: /Users/sergiolimas/Desktop/PREDICATOR/static/italy_stats.json
2026-03-27 17:50:01,032 - INFO - 📈 Total equipos: 0
2026-03-27 17:50:03,032 - INFO - 
=================================================================
2026-03-27 17:50:03,032 - INFO - 🏆 LIGA: FRANCE
2026-03-27 17:50:03,033 - INFO - =================================================================
2026-03-27 17:50:03,033 - INFO - 🌐 Scrapeando FootyStats: https://footystats.org/france/ligue-1
2026-03-27 17:50:03,034 - INFO - ====== WebDriver manager ======
2026-03-27 17:50:03,215 - INFO - Get LATEST chromedriver version for google-chrome
2026-03-27 17:50:03,280 - INFO - Get LATEST chromedriver version for google-chrome
2026-03-27 17:50:03,493 - INFO - Driver [/Users/sergiolimas/.wdm/drivers/chromedriver/mac64/146.0.7680.165/chromedriver-mac-arm64/chromedriver] found in cache
2026-03-27 17:50:08,855 - INFO - 📊 Encontradas 168 filas en france
2026-03-27 17:50:08,939 - INFO - 💾 Guardado: /Users/sergiolimas/Desktop/PREDICATOR/static/france_stats.json
2026-03-27 17:50:08,939 - INFO - 📈 Total equipos: 0
2026-03-27 17:50:10,944 - INFO - 
=================================================================
2026-03-27 17:50:10,945 - INFO - 🏆 LIGA: ARGENTINA
2026-03-27 17:50:10,945 - INFO - =================================================================
2026-03-27 17:50:10,945 - INFO - 🌐 Scrapeando FootyStats: https://footystats.org/argentina/liga_profesional
2026-03-27 17:50:10,945 - INFO - ====== WebDriver manager ======
2026-03-27 17:50:11,124 - INFO - Get LATEST chromedriver version for google-chrome
2026-03-27 17:50:11,345 - INFO - Get LATEST chromedriver version for google-chrome
2026-03-27 17:50:11,433 - INFO - Driver [/Users/sergiolimas/.wdm/drivers/chromedriver/mac64/146.0.7680.165/chromedriver-mac-arm64/chromedriver] found in cache
2026-03-27 17:50:28,465 - ERROR - ❌ Error con FootyStats en argentina: Message: 

2026-03-27 17:50:28,552 - INFO - 💾 Guardado: /Users/sergiolimas/Desktop/PREDICATOR/static/argentina_stats.json
2026-03-27 17:50:28,552 - INFO - 📈 Total equipos: 0
2026-03-27 17:50:30,557 - INFO - 
=================================================================
2026-03-27 17:50:30,557 - INFO - 🏆 LIGA: BRAZIL
2026-03-27 17:50:30,557 - INFO - =================================================================
2026-03-27 17:50:30,557 - INFO - 🌐 Scrapeando FootyStats: https://footystats.org/brazil/campeonato-brasileiro
2026-03-27 17:50:30,558 - INFO - ====== WebDriver manager ======
2026-03-27 17:50:30,765 - INFO - Get LATEST chromedriver version for google-chrome
2026-03-27 17:50:30,835 - INFO - Get LATEST chromedriver version for google-chrome
2026-03-27 17:50:30,900 - INFO - Driver [/Users/sergiolimas/.wdm/drivers/chromedriver/mac64/146.0.7680.165/chromedriver-mac-arm64/chromedriver] found in cache
2026-03-27 17:50:47,732 - ERROR - ❌ Error con FootyStats en brazil: Message: 

2026-03-27 17:50:47,821 - INFO - 💾 Guardado: /Users/sergiolimas/Desktop/PREDICATOR/static/brazil_stats.json
2026-03-27 17:50:47,821 - INFO - 📈 Total equipos: 0
2026-03-27 17:50:49,826 - INFO - 
=================================================================
2026-03-27 17:50:49,826 - INFO - 🏆 LIGA: COLOMBIA
2026-03-27 17:50:49,826 - INFO - =================================================================
2026-03-27 17:50:49,826 - INFO - 🌐 Scrapeando FootyStats: https://footystats.org/colombia/liga-dimayor
2026-03-27 17:50:49,827 - INFO - ====== WebDriver manager ======
2026-03-27 17:50:50,036 - INFO - Get LATEST chromedriver version for google-chrome
2026-03-27 17:50:50,171 - INFO - Get LATEST chromedriver version for google-chrome
2026-03-27 17:50:50,238 - INFO - Driver [/Users/sergiolimas/.wdm/drivers/chromedriver/mac64/146.0.7680.165/chromedriver-mac-arm64/chromedriver] found in cache
2026-03-27 17:51:07,198 - ERROR - ❌ Error con FootyStats en colombia: Message: 

2026-03-27 17:51:07,286 - INFO - 💾 Guardado: /Users/sergiolimas/Desktop/PREDICATOR/static/colombia_stats.json
2026-03-27 17:51:07,286 - INFO - 📈 Total equipos: 0
2026-03-27 17:51:09,291 - INFO - 
=================================================================
2026-03-27 17:51:09,291 - INFO - 🏆 LIGA: TURKEY
2026-03-27 17:51:09,291 - INFO - =================================================================
2026-03-27 17:51:09,292 - INFO - 🌐 Scrapeando FootyStats: https://footystats.org/turkey/super-lig
2026-03-27 17:51:09,292 - INFO - ====== WebDriver manager ======
2026-03-27 17:51:09,465 - INFO - Get LATEST chromedriver version for google-chrome
2026-03-27 17:51:09,568 - INFO - Get LATEST chromedriver version for google-chrome
2026-03-27 17:51:09,630 - INFO - Driver [/Users/sergiolimas/.wdm/drivers/chromedriver/mac64/146.0.7680.165/chromedriver-mac-arm64/chromedriver] found in cache
2026-03-27 17:51:15,676 - INFO - 📊 Encontradas 168 filas en turkey
2026-03-27 17:51:15,759 - INFO - 💾 Guardado: /Users/sergiolimas/Desktop/PREDICATOR/static/turkey_stats.json
2026-03-27 17:51:15,759 - INFO - 📈 Total equipos: 0
2026-03-27 17:51:17,764 - INFO - 
=================================================================
2026-03-27 17:51:17,764 - INFO - 📊 RESUMEN FINAL:
2026-03-27 17:51:17,764 - INFO - =================================================================
2026-03-27 17:51:17,765 - INFO - ⚠️  ARGENTINA            |   0 equipos
2026-03-27 17:51:17,765 - INFO - ⚠️  BRAZIL               |   0 equipos
2026-03-27 17:51:17,765 - INFO - ⚠️  COLOMBIA             |   0 equipos
2026-03-27 17:51:17,765 - INFO - ⚠️  ENGLAND              |   0 equipos
2026-03-27 17:51:17,765 - INFO - ⚠️  FRANCE               |   0 equipos
2026-03-27 17:51:17,765 - INFO - ⚠️  GERMANY              |   0 equipos
2026-03-27 17:51:17,765 - INFO - ⚠️  ITALY                |   0 equipos
2026-03-27 17:51:17,765 - INFO - ⚠️  SPAIN                |   0 equipos
2026-03-27 17:51:17,765 - INFO - ⚠️  TURKEY               |   0 equipos
2026-03-27 17:51:17,765 - INFO - 
=================================================================
2026-03-27 17:51:17,765 - INFO - ✅ TOTAL: 0 equipos con datos de corners reales
2026-03-27 17:51:17,766 - INFO - =================================================================

