
============================================
  PREDIKTOR daily update — 2026-03-31 13:16
============================================
[1/3] Actualizando estadísticas...
  → Colombia...
2026-03-31 13:17:00 - INFO: 🔥 Iniciando extracción completa para liga: COLOMBIA
2026-03-31 13:17:00 - INFO: 📊 Extrayendo datos de posiciones...
2026-03-31 13:17:02 - INFO: ✅ 1. A. Nacional - 30 pts
2026-03-31 13:17:02 - INFO: ✅ 2. Deportivo Pasto - 27 pts
2026-03-31 13:17:02 - INFO: ✅ 3. Junior - 25 pts
2026-03-31 13:17:02 - INFO: ✅ 4. Once Caldas - 24 pts
2026-03-31 13:17:02 - INFO: ✅ 5. Deportes Tolima - 23 pts
2026-03-31 13:17:02 - INFO: ✅ 6. Millonarios - 21 pts
2026-03-31 13:17:02 - INFO: ✅ 7. America de Cali - 21 pts
2026-03-31 13:17:02 - INFO: ✅ 8. La Equidad - 21 pts
2026-03-31 13:17:02 - INFO: ✅ 9. A. Bucaramanga - 19 pts
2026-03-31 13:17:02 - INFO: ✅ 10. Deportivo Cali - 19 pts
2026-03-31 13:17:02 - INFO: ✅ 11. R. Aguilas - 19 pts
2026-03-31 13:17:02 - INFO: ✅ 12. Santa Fe - 18 pts
2026-03-31 13:17:02 - INFO: ✅ 13. Llaneros - 17 pts
2026-03-31 13:17:02 - INFO: ✅ 14. I. Medelin - 16 pts
2026-03-31 13:17:02 - INFO: ✅ 15. Fortaleza CEIF - 15 pts
2026-03-31 13:17:02 - INFO: ✅ 16. Cucuta - 11 pts
2026-03-31 13:17:02 - INFO: ✅ 17. A. Petrolera - 11 pts
2026-03-31 13:17:02 - INFO: ✅ 18. Jaguares de C. - 11 pts
2026-03-31 13:17:02 - INFO: ✅ 19. Boyaca Chico - 8 pts
2026-03-31 13:17:02 - INFO: ✅ 20. D. Pereira - 6 pts
2026-03-31 13:17:02 - INFO: ✅ Posiciones extraídas: 20 equipos
2026-03-31 13:17:02 - INFO: 🚩 Extrayendo datos de córners...
2026-03-31 13:17:03 - WARNING: Error en la solicitud (intento 1/3): 404 Client Error: Not Found for url: https://www.soccerstats.com/table.asp?league=colombia&tid=cr
2026-03-31 13:17:03 - WARNING: Error en la solicitud (intento 2/3): 404 Client Error: Not Found for url: https://www.soccerstats.com/table.asp?league=colombia&tid=cr
2026-03-31 13:17:04 - WARNING: Error en la solicitud (intento 3/3): 404 Client Error: Not Found for url: https://www.soccerstats.com/table.asp?league=colombia&tid=cr
2026-03-31 13:17:04 - ERROR: Error en scrape_corners_data: 404 Client Error: Not Found for url: https://www.soccerstats.com/table.asp?league=colombia&tid=cr
2026-03-31 13:17:04 - INFO: ⚽ Extrayendo datos de goles...
2026-03-31 13:17:05 - INFO: ✅ Goals extraídos: 21 equipos
2026-03-31 13:17:05 - INFO: 🎉 Datos completos guardados en static/colombia_stats.json

📋 RESUMEN FINAL:
   📊 Posiciones: 20 equipos
   🚩 Corners: 0 equipos
   ⚽ Goals: 21 equipos
   📁 Archivo: static/colombia_stats.json

🏆 TOP 5 COMPLETO:

1. A. Nacional - 30 pts
   ⚽ Over 1.5: 85%
   ⚽ Over 2.5: 77%
   ⚽ BTS: 38%

2. Deportivo Pasto - 27 pts
   ⚽ Over 1.5: 79%
   ⚽ Over 2.5: 57%
   ⚽ BTS: 57%

3. Junior - 25 pts
   ⚽ Over 1.5: 93%
   ⚽ Over 2.5: 57%
   ⚽ BTS: 50%

4. Once Caldas - 24 pts
   ⚽ Over 1.5: 100%
   ⚽ Over 2.5: 50%
   ⚽ BTS: 86%

5. Deportes Tolima - 23 pts
   ⚽ Over 1.5: 69%
   ⚽ Over 2.5: 31%
   ⚽ BTS: 46%
    OK
  → Argentina...
2026-03-31 13:17:05 - INFO: 🔥 Iniciando extracción completa para liga: ARGENTINA
2026-03-31 13:17:05 - INFO: 📊 Extrayendo datos de posiciones...
2026-03-31 13:17:06 - INFO: ✅ 1. Velez Sarsfield - 22 pts
2026-03-31 13:17:06 - INFO: ✅ 2. Estudiantes - 21 pts
2026-03-31 13:17:06 - INFO: ✅ 3. Defensa y J. - 19 pts
2026-03-31 13:17:06 - INFO: ✅ 4. Lanus - 18 pts
2026-03-31 13:17:06 - INFO: ✅ 5. T. de Cordoba - 18 pts
2026-03-31 13:17:06 - INFO: ✅ 6. Boca Juniors - 17 pts
2026-03-31 13:17:06 - INFO: ✅ 7. Union Santa Fe - 16 pts
2026-03-31 13:17:06 - INFO: ✅ 8. Independiente - 14 pts
2026-03-31 13:17:06 - INFO: ✅ 9. San Lorenzo - 14 pts
2026-03-31 13:17:06 - INFO: ✅ 10. Platense - 14 pts
2026-03-31 13:17:06 - INFO: ✅ 11. Central Cordoba - 12 pts
2026-03-31 13:17:06 - INFO: ✅ 12. Instituto - 11 pts
2026-03-31 13:17:06 - INFO: ✅ 13. G. Mendoza - 9 pts
2026-03-31 13:17:06 - INFO: ✅ 14. D. Riestra - 7 pts
2026-03-31 13:17:06 - INFO: ✅ 15. Newells - 6 pts
2026-03-31 13:17:06 - INFO: ✅ 16. I. Rivadavia - 23 pts
2026-03-31 13:17:06 - INFO: ✅ 17. I. Rivadavia - 23 pts
2026-03-31 13:17:06 - INFO: ✅ 18. River Plate - 20 pts
2026-03-31 13:17:06 - INFO: ✅ 19. Belgrano - 19 pts
2026-03-31 13:17:06 - INFO: ✅ 20. Racing Club - 18 pts
2026-03-31 13:17:06 - INFO: ✅ Posiciones extraídas: 20 equipos
2026-03-31 13:17:06 - INFO: 🚩 Extrayendo datos de córners...
2026-03-31 13:17:07 - WARNING: Error en la solicitud (intento 1/3): 404 Client Error: Not Found for url: https://www.soccerstats.com/table.asp?league=argentina&tid=cr
2026-03-31 13:17:07 - WARNING: Error en la solicitud (intento 2/3): 404 Client Error: Not Found for url: https://www.soccerstats.com/table.asp?league=argentina&tid=cr
2026-03-31 13:17:08 - WARNING: Error en la solicitud (intento 3/3): 404 Client Error: Not Found for url: https://www.soccerstats.com/table.asp?league=argentina&tid=cr
2026-03-31 13:17:08 - ERROR: Error en scrape_corners_data: 404 Client Error: Not Found for url: https://www.soccerstats.com/table.asp?league=argentina&tid=cr
2026-03-31 13:17:08 - INFO: ⚽ Extrayendo datos de goles...
2026-03-31 13:17:09 - INFO: ✅ Goals extraídos: 31 equipos
2026-03-31 13:17:09 - INFO: 🎉 Datos completos guardados en static/argentina_stats.json

📋 RESUMEN FINAL:
   📊 Posiciones: 19 equipos
   🚩 Corners: 0 equipos
   ⚽ Goals: 31 equipos
   📁 Archivo: static/argentina_stats.json

🏆 TOP 5 COMPLETO:

1. Velez Sarsfield - 22 pts
   ⚽ Over 1.5: 55%
   ⚽ Over 2.5: 18%
   ⚽ BTS: 45%

2. Estudiantes - 21 pts
   ⚽ Over 1.5: 45%
   ⚽ Over 2.5: 27%
   ⚽ BTS: 27%

3. Defensa y J. - 19 pts
   ⚽ Over 1.5: 64%
   ⚽ Over 2.5: 18%
   ⚽ BTS: 55%

4. Lanus - 18 pts
   ⚽ Over 1.5: 82%
   ⚽ Over 2.5: 55%
   ⚽ BTS: 55%

5. T. de Cordoba - 18 pts
   ⚽ Over 1.5: 73%
   ⚽ Over 2.5: 45%
   ⚽ BTS: 55%
    OK
  → Premier...
2026-03-31 13:17:09 - INFO: 🔥 Iniciando extracción completa para liga: ENGLAND
2026-03-31 13:17:09 - INFO: 📊 Extrayendo datos de posiciones...
2026-03-31 13:17:10 - INFO: ✅ 1. Arsenal - 70 pts
2026-03-31 13:17:10 - INFO: ✅ 2. Manchester City - 61 pts
2026-03-31 13:17:10 - INFO: ✅ 3. Manchester Utd - 55 pts
2026-03-31 13:17:10 - INFO: ✅ 4. Aston Villa - 54 pts
2026-03-31 13:17:10 - INFO: ✅ 5. Liverpool - 49 pts
2026-03-31 13:17:10 - INFO: ✅ 6. Chelsea - 48 pts
2026-03-31 13:17:10 - INFO: ✅ 7. Brentford - 46 pts
2026-03-31 13:17:10 - INFO: ✅ 8. Everton - 46 pts
2026-03-31 13:17:10 - INFO: ✅ 9. Fulham - 44 pts
2026-03-31 13:17:10 - INFO: ✅ 10. Brighton - 43 pts
2026-03-31 13:17:10 - INFO: ✅ 11. Sunderland - 43 pts
2026-03-31 13:17:10 - INFO: ✅ 12. Newcastle Utd - 42 pts
2026-03-31 13:17:10 - INFO: ✅ 13. Bournemouth - 42 pts
2026-03-31 13:17:10 - INFO: ✅ 14. Crystal Palace - 39 pts
2026-03-31 13:17:10 - INFO: ✅ 15. Leeds Utd - 33 pts
2026-03-31 13:17:10 - INFO: ✅ 16. Nottm Forest - 32 pts
2026-03-31 13:17:10 - INFO: ✅ 17. Tottenham - 30 pts
2026-03-31 13:17:10 - INFO: ✅ 18. West Ham Utd - 29 pts
2026-03-31 13:17:10 - INFO: ✅ 19. Burnley - 20 pts
2026-03-31 13:17:10 - INFO: ✅ 20. Wolverhampton - 17 pts
2026-03-31 13:17:10 - INFO: ✅ Posiciones extraídas: 20 equipos
2026-03-31 13:17:10 - INFO: 🚩 Extrayendo datos de córners...
2026-03-31 13:17:11 - INFO: ✅ Corners extraídos: 20 equipos
2026-03-31 13:17:11 - INFO: ⚽ Extrayendo datos de goles...
2026-03-31 13:17:11 - INFO: ✅ Goals extraídos: 21 equipos
2026-03-31 13:17:11 - INFO: 🎉 Datos completos guardados en static/england_stats.json

📋 RESUMEN FINAL:
   📊 Posiciones: 20 equipos
   🚩 Corners: 20 equipos
   ⚽ Goals: 21 equipos
   📁 Archivo: static/england_stats.json

🏆 TOP 5 COMPLETO:

1. Arsenal - 70 pts
   🚩 Corners Local: 5.93
   🚩 Corners Visitante: 5.75
   ⚽ Over 1.5: 74%
   ⚽ Over 2.5: 52%
   ⚽ BTS: 48%

2. Manchester City - 61 pts
   🚩 Corners Local: 6.6
   🚩 Corners Visitante: 4.73
   ⚽ Over 1.5: 87%
   ⚽ Over 2.5: 60%
   ⚽ BTS: 50%

3. Manchester Utd - 55 pts
   🚩 Corners Local: 4.8
   🚩 Corners Visitante: 4.38
   ⚽ Over 1.5: 87%
   ⚽ Over 2.5: 61%
   ⚽ BTS: 74%

4. Aston Villa - 54 pts
   🚩 Corners Local: 5.75
   🚩 Corners Visitante: 4.93
   ⚽ Over 1.5: 71%
   ⚽ Over 2.5: 48%
   ⚽ BTS: 52%

5. Liverpool - 49 pts
   🚩 Corners Local: 5.93
   🚩 Corners Visitante: 6.0
   ⚽ Over 1.5: 81%
   ⚽ Over 2.5: 61%
   ⚽ BTS: 65%
    OK
  → La Liga...
2026-03-31 13:17:11 - INFO: 🔥 Iniciando extracción completa para liga: SPAIN
2026-03-31 13:17:11 - INFO: 📊 Extrayendo datos de posiciones...
2026-03-31 13:17:13 - INFO: ✅ 1. FC Barcelona - 73 pts
2026-03-31 13:17:13 - INFO: ✅ 2. Real Madrid - 69 pts
2026-03-31 13:17:13 - INFO: ✅ 3. Villarreal - 58 pts
2026-03-31 13:17:13 - INFO: ✅ 4. Atletico Madrid - 57 pts
2026-03-31 13:17:13 - INFO: ✅ 5. Real Betis - 44 pts
2026-03-31 13:17:13 - INFO: ✅ 6. Celta Vigo - 41 pts
2026-03-31 13:17:13 - INFO: ✅ 7. Real Sociedad - 38 pts
2026-03-31 13:17:13 - INFO: ✅ 8. Getafe - 38 pts
2026-03-31 13:17:13 - INFO: ✅ 9. Athletic Bilbao - 38 pts
2026-03-31 13:17:13 - INFO: ✅ 10. Osasuna - 37 pts
2026-03-31 13:17:13 - INFO: ✅ 11. Espanyol - 37 pts
2026-03-31 13:17:13 - INFO: ✅ 12. Valencia - 35 pts
2026-03-31 13:17:13 - INFO: ✅ 13. Girona - 34 pts
2026-03-31 13:17:13 - INFO: ✅ 14. Rayo Vallecano - 32 pts
2026-03-31 13:17:13 - INFO: ✅ 15. Sevilla FC - 31 pts
2026-03-31 13:17:13 - INFO: ✅ 16. Alaves - 31 pts
2026-03-31 13:17:13 - INFO: ✅ 17. Elche - 29 pts
2026-03-31 13:17:13 - INFO: ✅ 18. Mallorca - 28 pts
2026-03-31 13:17:13 - INFO: ✅ 19. Levante - 26 pts
2026-03-31 13:17:13 - INFO: ✅ 20. Real Oviedo - 21 pts
2026-03-31 13:17:13 - INFO: ✅ Posiciones extraídas: 20 equipos
2026-03-31 13:17:13 - INFO: 🚩 Extrayendo datos de córners...
2026-03-31 13:17:14 - INFO: ✅ Corners extraídos: 20 equipos
2026-03-31 13:17:14 - INFO: ⚽ Extrayendo datos de goles...
2026-03-31 13:17:14 - INFO: ✅ Goals extraídos: 21 equipos
2026-03-31 13:17:14 - INFO: 🎉 Datos completos guardados en static/spain_stats.json

📋 RESUMEN FINAL:
   📊 Posiciones: 20 equipos
   🚩 Corners: 20 equipos
   ⚽ Goals: 21 equipos
   📁 Archivo: static/spain_stats.json

🏆 TOP 5 COMPLETO:

1. FC Barcelona - 73 pts
   🚩 Corners Local: 7.53
   🚩 Corners Visitante: 6.86
   ⚽ Over 1.5: 93%
   ⚽ Over 2.5: 79%
   ⚽ BTS: 59%

2. Real Madrid - 69 pts
   🚩 Corners Local: 6.53
   🚩 Corners Visitante: 6.29
   ⚽ Over 1.5: 86%
   ⚽ Over 2.5: 62%
   ⚽ BTS: 55%

3. Villarreal - 58 pts
   🚩 Corners Local: 5.13
   🚩 Corners Visitante: 2.64
   ⚽ Over 1.5: 93%
   ⚽ Over 2.5: 59%
   ⚽ BTS: 59%

4. Atletico Madrid - 57 pts
   🚩 Corners Local: 8.33
   🚩 Corners Visitante: 4.93
   ⚽ Over 1.5: 72%
   ⚽ Over 2.5: 45%
   ⚽ BTS: 48%

5. Real Betis - 44 pts
   🚩 Corners Local: 4.29
   🚩 Corners Visitante: 4.8
   ⚽ Over 1.5: 90%
   ⚽ Over 2.5: 48%
   ⚽ BTS: 66%
    OK
  → Serie A...
2026-03-31 13:17:15 - INFO: 🔥 Iniciando extracción completa para liga: ITALY
2026-03-31 13:17:15 - INFO: 📊 Extrayendo datos de posiciones...
2026-03-31 13:17:16 - INFO: ✅ 1. Inter Milan - 69 pts
2026-03-31 13:17:16 - INFO: ✅ 2. AC Milan - 63 pts
2026-03-31 13:17:16 - INFO: ✅ 3. Napoli - 62 pts
2026-03-31 13:17:16 - INFO: ✅ 4. Como - 57 pts
2026-03-31 13:17:16 - INFO: ✅ 5. Juventus - 54 pts
2026-03-31 13:17:16 - INFO: ✅ 6. AS Roma - 54 pts
2026-03-31 13:17:16 - INFO: ✅ 7. Atalanta - 50 pts
2026-03-31 13:17:16 - INFO: ✅ 8. Lazio - 43 pts
2026-03-31 13:17:16 - INFO: ✅ 9. Bologna - 42 pts
2026-03-31 13:17:16 - INFO: ✅ 10. Sassuolo - 39 pts
2026-03-31 13:17:16 - INFO: ✅ 11. Udinese - 39 pts
2026-03-31 13:17:16 - INFO: ✅ 12. Parma - 34 pts
2026-03-31 13:17:16 - INFO: ✅ 13. Genoa - 33 pts
2026-03-31 13:17:16 - INFO: ✅ 14. Torino - 33 pts
2026-03-31 13:17:16 - INFO: ✅ 15. Cagliari - 30 pts
2026-03-31 13:17:16 - INFO: ✅ 16. Fiorentina - 29 pts
2026-03-31 13:17:16 - INFO: ✅ 17. Cremonese - 27 pts
2026-03-31 13:17:16 - INFO: ✅ 18. Lecce - 27 pts
2026-03-31 13:17:16 - INFO: ✅ 19. Hellas Verona - 18 pts
2026-03-31 13:17:16 - INFO: ✅ 20. Pisa - 18 pts
2026-03-31 13:17:16 - INFO: ✅ Posiciones extraídas: 20 equipos
2026-03-31 13:17:16 - INFO: 🚩 Extrayendo datos de córners...
2026-03-31 13:17:16 - INFO: ✅ Corners extraídos: 20 equipos
2026-03-31 13:17:16 - INFO: ⚽ Extrayendo datos de goles...
2026-03-31 13:17:17 - INFO: ✅ Goals extraídos: 21 equipos
2026-03-31 13:17:17 - INFO: 🎉 Datos completos guardados en static/italy_stats.json

📋 RESUMEN FINAL:
   📊 Posiciones: 20 equipos
   🚩 Corners: 20 equipos
   ⚽ Goals: 21 equipos
   📁 Archivo: static/italy_stats.json

🏆 TOP 5 COMPLETO:

1. Inter Milan - 69 pts
   🚩 Corners Local: 7.4
   🚩 Corners Visitante: 6.0
   ⚽ Over 1.5: 80%
   ⚽ Over 2.5: 50%
   ⚽ BTS: 43%

2. AC Milan - 63 pts
   🚩 Corners Local: 5.47
   🚩 Corners Visitante: 3.8
   ⚽ Over 1.5: 67%
   ⚽ Over 2.5: 43%
   ⚽ BTS: 50%

3. Napoli - 62 pts
   🚩 Corners Local: 6.14
   🚩 Corners Visitante: 4.63
   ⚽ Over 1.5: 70%
   ⚽ Over 2.5: 57%
   ⚽ BTS: 53%

4. Como - 57 pts
   🚩 Corners Local: 4.75
   🚩 Corners Visitante: 3.64
   ⚽ Over 1.5: 77%
   ⚽ Over 2.5: 47%
   ⚽ BTS: 43%

5. Juventus - 54 pts
   🚩 Corners Local: 6.13
   🚩 Corners Visitante: 4.33
   ⚽ Over 1.5: 77%
   ⚽ Over 2.5: 47%
   ⚽ BTS: 50%
    OK
  → Bundesliga...
2026-03-31 13:17:17 - INFO: 🔥 Iniciando extracción completa para liga: GERMANY
2026-03-31 13:17:17 - INFO: 📊 Extrayendo datos de posiciones...
2026-03-31 13:17:18 - INFO: ✅ 1. Bayern Munich - 70 pts
2026-03-31 13:17:18 - INFO: ✅ 2. Dortmund - 61 pts
2026-03-31 13:17:18 - INFO: ✅ 3. Stuttgart - 53 pts
2026-03-31 13:17:18 - INFO: ✅ 4. RB Leipzig - 50 pts
2026-03-31 13:17:18 - INFO: ✅ 5. Hoffenheim - 50 pts
2026-03-31 13:17:18 - INFO: ✅ 6. Leverkusen - 46 pts
2026-03-31 13:17:18 - INFO: ✅ 7. E. Frankfurt - 38 pts
2026-03-31 13:17:18 - INFO: ✅ 8. Freiburg - 37 pts
2026-03-31 13:17:18 - INFO: ✅ 9. Union Berlin - 31 pts
2026-03-31 13:17:18 - INFO: ✅ 10. FC Augsburg - 31 pts
2026-03-31 13:17:18 - INFO: ✅ 11. FSV Mainz - 30 pts
2026-03-31 13:17:18 - INFO: ✅ 12. Hamburger SV - 30 pts
2026-03-31 13:17:18 - INFO: ✅ 13. Monchengladbach - 29 pts
2026-03-31 13:17:18 - INFO: ✅ 14. Werder Bremen - 28 pts
2026-03-31 13:17:18 - INFO: ✅ 15. FC Koln - 26 pts
2026-03-31 13:17:18 - INFO: ✅ 16. Sankt Pauli - 24 pts
2026-03-31 13:17:18 - INFO: ✅ 17. Wolfsburg - 21 pts
2026-03-31 13:17:18 - INFO: ✅ 18. Heidenheim - 15 pts
2026-03-31 13:17:18 - INFO: ✅ Posiciones extraídas: 18 equipos
2026-03-31 13:17:18 - INFO: 🚩 Extrayendo datos de córners...
2026-03-31 13:17:19 - INFO: ✅ Corners extraídos: 18 equipos
2026-03-31 13:17:19 - INFO: ⚽ Extrayendo datos de goles...
2026-03-31 13:17:20 - INFO: ✅ Goals extraídos: 19 equipos
2026-03-31 13:17:20 - INFO: 🎉 Datos completos guardados en static/germany_stats.json

📋 RESUMEN FINAL:
   📊 Posiciones: 18 equipos
   🚩 Corners: 18 equipos
   ⚽ Goals: 19 equipos
   📁 Archivo: static/germany_stats.json

🏆 TOP 5 COMPLETO:

1. Bayern Munich - 70 pts
   🚩 Corners Local: 7.21
   🚩 Corners Visitante: 5.15
   ⚽ Over 1.5: 100%
   ⚽ Over 2.5: 96%
   ⚽ BTS: 63%

2. Dortmund - 61 pts
   🚩 Corners Local: 7.64
   🚩 Corners Visitante: 3.62
   ⚽ Over 1.5: 89%
   ⚽ Over 2.5: 59%
   ⚽ BTS: 56%

3. Stuttgart - 53 pts
   🚩 Corners Local: 5.08
   🚩 Corners Visitante: 5.64
   ⚽ Over 1.5: 81%
   ⚽ Over 2.5: 74%
   ⚽ BTS: 59%

4. RB Leipzig - 50 pts
   🚩 Corners Local: 5.43
   🚩 Corners Visitante: 5.31
   ⚽ Over 1.5: 85%
   ⚽ Over 2.5: 67%
   ⚽ BTS: 56%

5. Hoffenheim - 50 pts
   🚩 Corners Local: 6.62
   🚩 Corners Visitante: 4.71
   ⚽ Over 1.5: 85%
   ⚽ Over 2.5: 67%
   ⚽ BTS: 63%
    OK
  → Ligue 1...
2026-03-31 13:17:20 - INFO: 🔥 Iniciando extracción completa para liga: FRANCE
2026-03-31 13:17:20 - INFO: 📊 Extrayendo datos de posiciones...
2026-03-31 13:17:21 - INFO: ✅ 1. Paris SG - 60 pts
2026-03-31 13:17:21 - INFO: ✅ 2. Lens - 59 pts
2026-03-31 13:17:21 - INFO: ✅ 3. Marseille - 49 pts
2026-03-31 13:17:21 - INFO: ✅ 4. Lyon - 47 pts
2026-03-31 13:17:21 - INFO: ✅ 5. Lille - 47 pts
2026-03-31 13:17:21 - INFO: ✅ 6. Monaco - 46 pts
2026-03-31 13:17:21 - INFO: ✅ 7. Rennes - 44 pts
2026-03-31 13:17:21 - INFO: ✅ 8. Strasbourg - 40 pts
2026-03-31 13:17:21 - INFO: ✅ 9. Toulouse - 37 pts
2026-03-31 13:17:21 - INFO: ✅ 10. Lorient - 37 pts
2026-03-31 13:17:21 - INFO: ✅ 11. Brest - 36 pts
2026-03-31 13:17:21 - INFO: ✅ 12. Angers - 32 pts
2026-03-31 13:17:21 - INFO: ✅ 13. Paris FC - 31 pts
2026-03-31 13:17:21 - INFO: ✅ 14. Le Havre - 27 pts
2026-03-31 13:17:21 - INFO: ✅ 15. Nice - 27 pts
2026-03-31 13:17:21 - INFO: ✅ 16. Auxerre - 22 pts
2026-03-31 13:17:21 - INFO: ✅ 17. Nantes - 17 pts
2026-03-31 13:17:21 - INFO: ✅ 18. Metz - 14 pts
2026-03-31 13:17:21 - INFO: ✅ Posiciones extraídas: 18 equipos
2026-03-31 13:17:21 - INFO: 🚩 Extrayendo datos de córners...
2026-03-31 13:17:22 - INFO: ✅ Corners extraídos: 18 equipos
2026-03-31 13:17:22 - INFO: ⚽ Extrayendo datos de goles...
2026-03-31 13:17:22 - INFO: ✅ Goals extraídos: 19 equipos
2026-03-31 13:17:22 - INFO: 🎉 Datos completos guardados en static/france_stats.json

📋 RESUMEN FINAL:
   📊 Posiciones: 18 equipos
   🚩 Corners: 18 equipos
   ⚽ Goals: 19 equipos
   📁 Archivo: static/france_stats.json

🏆 TOP 5 COMPLETO:

1. Paris SG - 60 pts
   🚩 Corners Local: 6.42
   🚩 Corners Visitante: 5.64
   ⚽ Over 1.5: 73%
   ⚽ Over 2.5: 58%
   ⚽ BTS: 38%

2. Lens - 59 pts
   🚩 Corners Local: 6.21
   🚩 Corners Visitante: 5.46
   ⚽ Over 1.5: 81%
   ⚽ Over 2.5: 67%
   ⚽ BTS: 52%

3. Marseille - 49 pts
   🚩 Corners Local: 5.5
   🚩 Corners Visitante: 4.46
   ⚽ Over 1.5: 70%
   ⚽ Over 2.5: 63%
   ⚽ BTS: 48%

4. Lyon - 47 pts
   🚩 Corners Local: 5.69
   🚩 Corners Visitante: 4.93
   ⚽ Over 1.5: 59%
   ⚽ Over 2.5: 52%
   ⚽ BTS: 48%

5. Lille - 47 pts
   🚩 Corners Local: 6.31
   🚩 Corners Visitante: 5.64
   ⚽ Over 1.5: 67%
   ⚽ Over 2.5: 41%
   ⚽ BTS: 44%
    OK
  → Brasil...
2026-03-31 13:17:23 - INFO: 🔥 Liga: brazil
2026-03-31 13:17:25 - INFO: ✅ Corners extraídos: 20 equipos
2026-03-31 13:17:26 - INFO: ✅ Goals extraídos: 21 equipos
2026-03-31 13:17:37 - INFO: ✅ AdamChoi: 0 partidos

✅ Archivo generado: static/brazil_stats.json
    OK
  → Champions...
2026-03-31 13:17:38 - INFO: 🔥 Iniciando liga: uefa-champions-league
2026-03-31 13:17:38 - WARNING: Error en la solicitud (intento 1/3): 404 Client Error: Not Found for url: https://www.soccerstats.com/latest.asp?league=uefa-champions-league
2026-03-31 13:17:38 - WARNING: Error en la solicitud (intento 2/3): 404 Client Error: Not Found for url: https://www.soccerstats.com/latest.asp?league=uefa-champions-league
2026-03-31 13:17:39 - WARNING: Error en la solicitud (intento 3/3): 404 Client Error: Not Found for url: https://www.soccerstats.com/latest.asp?league=uefa-champions-league
2026-03-31 13:17:39 - ERROR: Error en posiciones: 404 Client Error: Not Found for url: https://www.soccerstats.com/latest.asp?league=uefa-champions-league
2026-03-31 13:17:40 - INFO: 🌐 Extrayendo corners de FootyStats
2026-03-31 13:17:45 - INFO: 📊 Analizando 27 tablas para corners
2026-03-31 13:17:45 - INFO:    Tabla 0: 139 filas (potencial corners)
2026-03-31 13:17:45 - INFO:    Tabla 2: 7 filas (potencial corners)
2026-03-31 13:17:45 - INFO:    Tabla 4: 7 filas (potencial corners)
2026-03-31 13:17:45 - INFO:    Tabla 6: 7 filas (potencial corners)
2026-03-31 13:17:45 - INFO:    Tabla 8: 7 filas (potencial corners)
2026-03-31 13:17:45 - INFO:    Tabla 10: 7 filas (potencial corners)
2026-03-31 13:17:45 - INFO:    Tabla 12: 7 filas (potencial corners)
2026-03-31 13:17:45 - INFO:    Tabla 14: 7 filas (potencial corners)
2026-03-31 13:17:45 - INFO:    Tabla 16: 7 filas (potencial corners)
2026-03-31 13:17:45 - INFO:    Tabla 18: 7 filas (potencial corners)
2026-03-31 13:17:45 - INFO:    Tabla 20: 7 filas (potencial corners)
2026-03-31 13:17:45 - INFO:    Tabla 22: 7 filas (potencial corners)
2026-03-31 13:17:45 - INFO:    Tabla 24: 7 filas (potencial corners)
2026-03-31 13:17:45 - INFO:    Tabla 25: 83 filas (potencial corners)
2026-03-31 13:17:45 - INFO: ✅ Corners extraído: 95 equipos
2026-03-31 13:17:45 - WARNING: Error en la solicitud (intento 1/3): 404 Client Error: Not Found for url: https://www.soccerstats.com/table.asp?league=uefa-champions-league&tid=c
2026-03-31 13:17:45 - WARNING: Error en la solicitud (intento 2/3): 404 Client Error: Not Found for url: https://www.soccerstats.com/table.asp?league=uefa-champions-league&tid=c
2026-03-31 13:17:46 - WARNING: Error en la solicitud (intento 3/3): 404 Client Error: Not Found for url: https://www.soccerstats.com/table.asp?league=uefa-champions-league&tid=c
2026-03-31 13:17:46 - ERROR: Error en scrape_goals_data: 404 Client Error: Not Found for url: https://www.soccerstats.com/table.asp?league=uefa-champions-league&tid=c
2026-03-31 13:17:55 - INFO: ✅ AdamChoi: 0 partidos
2026-03-31 13:17:56 - INFO: 🌐 Conectando a FootyStats: https://footystats.org/europe/uefa-champions-league
2026-03-31 13:17:57 - INFO: ⏳ Esperando carga completa (máx 15 segundos)...
2026-03-31 13:18:00 - INFO: 📊 Tablas encontradas: 27
2026-03-31 13:18:00 - INFO:    Tabla 1: 139 filas
2026-03-31 13:18:00 - INFO:    Tabla 2: 4 filas
2026-03-31 13:18:00 - INFO:    Tabla 3: 7 filas
2026-03-31 13:18:00 - INFO:    Tabla 4: 4 filas
2026-03-31 13:18:00 - INFO:    Tabla 5: 7 filas
2026-03-31 13:18:00 - INFO:    Tabla 6: 4 filas
2026-03-31 13:18:00 - INFO:    Tabla 7: 7 filas
2026-03-31 13:18:00 - INFO:    Tabla 8: 4 filas
2026-03-31 13:18:00 - INFO:    Tabla 9: 7 filas
2026-03-31 13:18:00 - INFO:    Tabla 10: 4 filas
2026-03-31 13:18:00 - INFO:    Tabla 11: 7 filas
2026-03-31 13:18:00 - INFO:    Tabla 12: 4 filas
2026-03-31 13:18:00 - INFO:    Tabla 13: 7 filas
2026-03-31 13:18:00 - INFO:    Tabla 14: 4 filas
2026-03-31 13:18:00 - INFO:    Tabla 15: 7 filas
2026-03-31 13:18:00 - INFO:    Tabla 16: 4 filas
2026-03-31 13:18:00 - INFO:    Tabla 17: 7 filas
2026-03-31 13:18:00 - INFO:    Tabla 18: 4 filas
2026-03-31 13:18:00 - INFO:    Tabla 19: 7 filas
2026-03-31 13:18:00 - INFO:    Tabla 20: 4 filas
2026-03-31 13:18:00 - INFO:    Tabla 21: 7 filas
2026-03-31 13:18:00 - INFO:    Tabla 22: 4 filas
2026-03-31 13:18:00 - INFO:    Tabla 23: 7 filas
2026-03-31 13:18:00 - INFO:    Tabla 24: 4 filas
2026-03-31 13:18:00 - INFO:    Tabla 25: 7 filas
2026-03-31 13:18:00 - INFO:    Tabla 26: 83 filas
2026-03-31 13:18:00 - INFO:    Tabla 27: 10 filas
2026-03-31 13:18:00 - INFO: ✅ FootyStats extraído: 104 equipos

✅ Archivo generado: static/uefa-champions-league_stats.json
    OK
  → NBA (background)...
=======================================================
  NBA SCRAPER | nba_api | 2025-26
=======================================================

1. Cargando equipos NBA...
   OK: 30 equipos

2. Obteniendo standings...
   OK: 30 equipos con standings

3. Obteniendo stats de equipos...
   OK: 30 equipos con stats

4. Obteniendo stats de jugadores...
   OK: 533 jugadores

4b. Verificando equipo actual de jugadores traspasados...
    (esto puede tardar ~6 min por rate limit de NBA.com)
   ...procesando 50/533
   ...procesando 100/533
   ...procesando 150/533
   ...procesando 200/533
   ...procesando 250/533
   ...procesando 300/533
   ...procesando 350/533
   ...procesando 400/533
   ...procesando 450/533
   ...procesando 500/533
   OK: 0 traspasos detectados y corregidos

5. Lesionados: no disponible en nba_api free (todos Active)

6. Construyendo JSON...

COMPLETADO:
  30 equipos
  533 jugadores
  0 traspasos corregidos
  0 lesionados
  Archivo: static/nba_stats.json
    NBA OK
[2/3] Generando predicciones...
Generando predicciones — 31 de marzo de 2026
Hoy: 2026-03-31 | Acepta hasta 2026-04-01 05:59 UTC

      [alias] 'Deportes Tolima' → 'Deportes Tolima'
Candidatos totales: 5 | Publicando top 4 por valor

   [64pts valor] Aldosivi vs Argentinos Juniors → Argentinos Juniors (63.5%) cuota justa 1.57
   [62pts valor] Deportes Tolima vs Águilas Doradas → Deportes Tolima (62.2%) cuota justa 1.61
   [59pts valor] Milwaukee Bucks vs Dallas Mavericks → Milwaukee Bucks (58.6%) cuota justa 1.71
   [56pts valor] Detroit Pistons vs Toronto Raptors → Detroit Pistons (69.8%) cuota justa 1.43

Generando archivos SEO...
   sitemap.xml → 7 URLs
   robots.txt generado
Log guardado: 15 predicciones

4 predicciones generadas!

Proximo paso: registra tu sitemap en Google Search Console
→ https://search.google.com/search-console
→ Agrega propiedad: https://predicator-sergiolimas2020-svgs-projects.vercel.app
→ Envia sitemap: https://predicator-sergiolimas2020-svgs-projects.vercel.app/sitemap.xml
  OK
[3/3] Publicando en GitHub...

============================================
  PREDIKTOR daily update — 2026-05-28 11:53
============================================
[1/4] Actualizando estadísticas...
  → Colombia...
Traceback (most recent call last):
  File "/Users/sergiolimas/PROYECTO_PREDICATOR/scrapers/colombia.py", line 2, in <module>
    from bs4 import BeautifulSoup
ModuleNotFoundError: No module named 'bs4'
    WARN: Colombia falló, continuando
  → Argentina...
Traceback (most recent call last):
  File "/Users/sergiolimas/PROYECTO_PREDICATOR/scrapers/argentina.py", line 2, in <module>
    from bs4 import BeautifulSoup
ModuleNotFoundError: No module named 'bs4'
    WARN: Argentina falló, continuando
  → Premier...
Traceback (most recent call last):
  File "/Users/sergiolimas/PROYECTO_PREDICATOR/scrapers/premier.py", line 2, in <module>
    from bs4 import BeautifulSoup
ModuleNotFoundError: No module named 'bs4'
    WARN: Premier falló, continuando
  → La Liga...
Traceback (most recent call last):
  File "/Users/sergiolimas/PROYECTO_PREDICATOR/scrapers/españa.py", line 2, in <module>
    from bs4 import BeautifulSoup
ModuleNotFoundError: No module named 'bs4'
    WARN: La Liga falló, continuando
  → Serie A...
Traceback (most recent call last):
  File "/Users/sergiolimas/PROYECTO_PREDICATOR/scrapers/italia.py", line 2, in <module>
    from bs4 import BeautifulSoup
ModuleNotFoundError: No module named 'bs4'
    WARN: Serie A falló, continuando
  → Bundesliga...
Traceback (most recent call last):
  File "/Users/sergiolimas/PROYECTO_PREDICATOR/scrapers/bundesliga.py", line 2, in <module>
    from bs4 import BeautifulSoup
ModuleNotFoundError: No module named 'bs4'
    WARN: Bundesliga falló, continuando
  → Ligue 1...
Traceback (most recent call last):
  File "/Users/sergiolimas/PROYECTO_PREDICATOR/scrapers/francia.py", line 2, in <module>
    from bs4 import BeautifulSoup
ModuleNotFoundError: No module named 'bs4'
    WARN: Ligue 1 falló, continuando
  → Brasil...
Traceback (most recent call last):
  File "/Users/sergiolimas/PROYECTO_PREDICATOR/scrapers/brazil.py", line 2, in <module>
    from bs4 import BeautifulSoup
ModuleNotFoundError: No module named 'bs4'
    WARN: Brasil falló, continuando
  → Champions...
2026-05-28 11:53:38,404 - INFO: 🔥 Liga: Champions League (via ESPN)
2026-05-28 11:53:38,692 - INFO: ✅ 1. Arsenal - 24 pts
2026-05-28 11:53:38,692 - INFO: ✅ 2. Bayern Munich - 21 pts
2026-05-28 11:53:38,692 - INFO: ✅ 3. Liverpool - 18 pts
2026-05-28 11:53:38,692 - INFO: ✅ 4. Tottenham Hotspur - 17 pts
2026-05-28 11:53:38,693 - INFO: ✅ 5. Barcelona - 16 pts
2026-05-28 11:53:38,693 - INFO: ✅ 6. Chelsea - 16 pts
2026-05-28 11:53:38,693 - INFO: ✅ 7. Sporting CP - 16 pts
2026-05-28 11:53:38,693 - INFO: ✅ 8. Manchester City - 16 pts
2026-05-28 11:53:38,693 - INFO: ✅ 9. Real Madrid - 15 pts
2026-05-28 11:53:38,693 - INFO: ✅ 10. Internazionale - 15 pts
2026-05-28 11:53:38,693 - INFO: ✅ 11. Paris Saint-Germain - 14 pts
2026-05-28 11:53:38,693 - INFO: ✅ 12. Newcastle United - 14 pts
2026-05-28 11:53:38,693 - INFO: ✅ 13. Juventus - 13 pts
2026-05-28 11:53:38,693 - INFO: ✅ 14. Atlético Madrid - 13 pts
2026-05-28 11:53:38,693 - INFO: ✅ 15. Atalanta - 13 pts
2026-05-28 11:53:38,693 - INFO: ✅ 16. Bayer Leverkusen - 12 pts
2026-05-28 11:53:38,693 - INFO: ✅ 17. Borussia Dortmund - 11 pts
2026-05-28 11:53:38,693 - INFO: ✅ 18. Olympiacos - 11 pts
2026-05-28 11:53:38,693 - INFO: ✅ 19. Club Brugge - 10 pts
2026-05-28 11:53:38,693 - INFO: ✅ 20. Galatasaray - 10 pts
2026-05-28 11:53:38,693 - INFO: ✅ 21. AS Monaco - 10 pts
2026-05-28 11:53:38,693 - INFO: ✅ 22. FK Qarabag - 10 pts
2026-05-28 11:53:38,693 - INFO: ✅ 23. Bodo/Glimt - 9 pts
2026-05-28 11:53:38,694 - INFO: ✅ 24. Benfica - 9 pts
2026-05-28 11:53:38,694 - INFO: ✅ 25. Marseille - 9 pts
2026-05-28 11:53:38,694 - INFO: ✅ 26. Pafos - 9 pts
2026-05-28 11:53:38,694 - INFO: ✅ 27. Union St.-Gilloise - 9 pts
2026-05-28 11:53:38,694 - INFO: ✅ 28. PSV Eindhoven - 8 pts
2026-05-28 11:53:38,694 - INFO: ✅ 29. Athletic Club - 8 pts
2026-05-28 11:53:38,694 - INFO: ✅ 30. Napoli - 8 pts
2026-05-28 11:53:38,694 - INFO: ✅ 31. F.C. København - 8 pts
2026-05-28 11:53:38,694 - INFO: ✅ 32. Ajax Amsterdam - 6 pts
2026-05-28 11:53:38,694 - INFO: ✅ 33. Eintracht Frankfurt - 4 pts
2026-05-28 11:53:38,694 - INFO: ✅ 34. Slavia Prague - 3 pts
2026-05-28 11:53:38,694 - INFO: ✅ 35. Villarreal - 1 pts
2026-05-28 11:53:38,694 - INFO: ✅ 36. Kairat Almaty - 1 pts
2026-05-28 11:53:38,694 - INFO: ✅ Posiciones: 36 equipos
2026-05-28 11:53:40,012 - WARNING: Goals no disponibles en soccerstats para Champions — usando defaults

✅ Archivo generado: static/uefa-champions-league_stats.json
   📊 Posiciones: 36 | ⚽ Goals: 0
    OK
  → NBA (background)...
Traceback (most recent call last):
  File "/Users/sergiolimas/PROYECTO_PREDICATOR/scrapers/nba_scraper.py", line 10, in <module>
    from nba_api.stats.endpoints import (
    ...<4 lines>...
    )
ModuleNotFoundError: No module named 'nba_api'
    NBA WARN: usará stats anteriores
[2/4] Actualizando resultados de ayer...
Buscando resultados para 5 predicciones pendientes...
   Sin resultados aún para Copa Libertadores 2026-05-28
   Sin resultados aún para Copa Sudamericana 2026-05-28
Ningún partido ha terminado todavía.
  OK
[3/4] Generando predicciones...
✅ Picks del 2026-05-28 ya publicados (5 picks) — sin cambios.
   Usa --force para regenerar.
  OK
[4/4] Publicando en GitHub...
[main 99f8213] chore: actualización automática 2026-05-28
 17 files changed, 1781 insertions(+), 356 deletions(-)
 create mode 100644 apuestas-legales.html
 create mode 100644 js/cookie-consent.js
 create mode 100644 scripts/backtest_pit.py
To https://github.com/sergiolimas2020-svg/predicator.git
   ffe50b6..99f8213  main -> main
  Push OK — Vercel redesplegando...
✅ Completado — 11:53:43

============================================
  PREDIKTOR daily update — 2026-05-28 12:10
============================================
[1/4] Actualizando estadísticas...
  → Colombia...
/Users/sergiolimas/PROYECTO_PREDICATOR/.venv/lib/python3.9/site-packages/urllib3/__init__.py:35: NotOpenSSLWarning: urllib3 v2 only supports OpenSSL 1.1.1+, currently the 'ssl' module is compiled with 'LibreSSL 2.8.3'. See: https://github.com/urllib3/urllib3/issues/3020
  warnings.warn(
2026-05-28 12:10:03 - INFO: 🔥 Iniciando extracción completa para liga: COLOMBIA
2026-05-28 12:10:03 - INFO: 📊 Extrayendo datos de posiciones...
2026-05-28 12:10:04 - INFO: ✅ 1. A. Nacional - 40 pts
2026-05-28 12:10:04 - INFO: ✅ 2. Junior - 35 pts
2026-05-28 12:10:04 - INFO: ✅ 3. Deportivo Pasto - 34 pts
2026-05-28 12:10:04 - INFO: ✅ 4. America de Cali - 33 pts
2026-05-28 12:10:04 - INFO: ✅ 5. Once Caldas - 33 pts
2026-05-28 12:10:04 - INFO: ✅ 6. Deportes Tolima - 31 pts
2026-05-28 12:10:04 - INFO: ✅ 7. Santa Fe - 29 pts
2026-05-28 12:10:04 - INFO: ✅ 8. La Equidad - 28 pts
2026-05-28 12:10:04 - INFO: ✅ 9. Deportivo Cali - 27 pts
2026-05-28 12:10:04 - INFO: ✅ 10. Millonarios - 26 pts
2026-05-28 12:10:04 - INFO: ✅ 11. I. Medelin - 26 pts
2026-05-28 12:10:04 - INFO: ✅ 12. R. Aguilas - 26 pts
2026-05-28 12:10:04 - INFO: ✅ 13. A. Bucaramanga - 23 pts
2026-05-28 12:10:04 - INFO: ✅ 14. Llaneros - 22 pts
2026-05-28 12:10:04 - INFO: ✅ 15. Fortaleza CEIF - 22 pts
2026-05-28 12:10:04 - INFO: ✅ 16. Jaguares de C. - 18 pts
2026-05-28 12:10:04 - INFO: ✅ 17. A. Petrolera - 17 pts
2026-05-28 12:10:04 - INFO: ✅ 18. Boyaca Chico - 17 pts
2026-05-28 12:10:04 - INFO: ✅ 19. Cucuta - 16 pts
2026-05-28 12:10:04 - INFO: ✅ 20. D. Pereira - 10 pts
2026-05-28 12:10:04 - INFO: ✅ Posiciones extraídas: 20 equipos
2026-05-28 12:10:04 - INFO: 🚩 Extrayendo datos de córners...
2026-05-28 12:10:05 - WARNING: Error en la solicitud (intento 1/3): 404 Client Error: Not Found for url: https://www.soccerstats.com/table.asp?league=colombia&tid=cr
2026-05-28 12:10:05 - WARNING: Error en la solicitud (intento 2/3): 404 Client Error: Not Found for url: https://www.soccerstats.com/table.asp?league=colombia&tid=cr
2026-05-28 12:10:06 - WARNING: Error en la solicitud (intento 3/3): 404 Client Error: Not Found for url: https://www.soccerstats.com/table.asp?league=colombia&tid=cr
2026-05-28 12:10:06 - ERROR: Error en scrape_corners_data: 404 Client Error: Not Found for url: https://www.soccerstats.com/table.asp?league=colombia&tid=cr
2026-05-28 12:10:06 - INFO: ⚽ Extrayendo datos de goles...
2026-05-28 12:10:07 - INFO: ✅ Goals extraídos: 21 equipos
2026-05-28 12:10:07 - INFO: 🎉 Datos completos guardados en static/colombia_stats.json

📋 RESUMEN FINAL:
   📊 Posiciones: 20 equipos
   🚩 Corners: 0 equipos
   ⚽ Goals: 21 equipos
   📁 Archivo: static/colombia_stats.json

🏆 TOP 5 COMPLETO:

1. A. Nacional - 40 pts
   ⚽ Over 1.5: 74%
   ⚽ Over 2.5: 63%
   ⚽ BTS: 37%

2. Junior - 35 pts
   ⚽ Over 1.5: 95%
   ⚽ Over 2.5: 58%
   ⚽ BTS: 53%

3. Deportivo Pasto - 34 pts
   ⚽ Over 1.5: 74%
   ⚽ Over 2.5: 58%
   ⚽ BTS: 58%

4. America de Cali - 33 pts
   ⚽ Over 1.5: 68%
   ⚽ Over 2.5: 42%
   ⚽ BTS: 37%

5. Once Caldas - 33 pts
   ⚽ Over 1.5: 89%
   ⚽ Over 2.5: 47%
   ⚽ BTS: 79%
    OK
  → Argentina...
/Users/sergiolimas/PROYECTO_PREDICATOR/.venv/lib/python3.9/site-packages/urllib3/__init__.py:35: NotOpenSSLWarning: urllib3 v2 only supports OpenSSL 1.1.1+, currently the 'ssl' module is compiled with 'LibreSSL 2.8.3'. See: https://github.com/urllib3/urllib3/issues/3020
  warnings.warn(
2026-05-28 12:10:07 - INFO: 🔥 Iniciando extracción completa para liga: ARGENTINA
2026-05-28 12:10:07 - INFO: 📊 Extrayendo datos de posiciones...
2026-05-28 12:10:08 - INFO: ✅ 1. Estudiantes - 31 pts
2026-05-28 12:10:08 - INFO: ✅ 2. Boca Juniors - 30 pts
2026-05-28 12:10:08 - INFO: ✅ 3. Velez Sarsfield - 28 pts
2026-05-28 12:10:08 - INFO: ✅ 4. T. de Cordoba - 26 pts
2026-05-28 12:10:08 - INFO: ✅ 5. Independiente - 24 pts
2026-05-28 12:10:08 - INFO: ✅ 6. Lanus - 24 pts
2026-05-28 12:10:08 - INFO: ✅ 7. San Lorenzo - 22 pts
2026-05-28 12:10:08 - INFO: ✅ 8. Union Santa Fe - 21 pts
2026-05-28 12:10:08 - INFO: ✅ 9. Defensa y J. - 19 pts
2026-05-28 12:10:08 - INFO: ✅ 10. G. Mendoza - 19 pts
2026-05-28 12:10:08 - INFO: ✅ 11. Platense - 16 pts
2026-05-28 12:10:08 - INFO: ✅ 12. Central Cordoba - 16 pts
2026-05-28 12:10:08 - INFO: ✅ 13. Newells - 15 pts
2026-05-28 12:10:08 - INFO: ✅ 14. D. Riestra - 11 pts
2026-05-28 12:10:08 - INFO: ✅ 15. I. Rivadavia - 34 pts
2026-05-28 12:10:08 - INFO: ✅ 16. I. Rivadavia - 34 pts
2026-05-28 12:10:08 - INFO: ✅ 17. River Plate - 29 pts
2026-05-28 12:10:08 - INFO: ✅ 18. Argentinos Jrs - 29 pts
2026-05-28 12:10:08 - INFO: ✅ 19. Rosario Central - 28 pts
2026-05-28 12:10:08 - INFO: ✅ 20. Belgrano - 26 pts
2026-05-28 12:10:08 - INFO: ✅ Posiciones extraídas: 20 equipos
2026-05-28 12:10:08 - INFO: 🚩 Extrayendo datos de córners...
2026-05-28 12:10:08 - WARNING: Error en la solicitud (intento 1/3): 404 Client Error: Not Found for url: https://www.soccerstats.com/table.asp?league=argentina&tid=cr
2026-05-28 12:10:09 - WARNING: Error en la solicitud (intento 2/3): 404 Client Error: Not Found for url: https://www.soccerstats.com/table.asp?league=argentina&tid=cr
2026-05-28 12:10:09 - WARNING: Error en la solicitud (intento 3/3): 404 Client Error: Not Found for url: https://www.soccerstats.com/table.asp?league=argentina&tid=cr
2026-05-28 12:10:09 - ERROR: Error en scrape_corners_data: 404 Client Error: Not Found for url: https://www.soccerstats.com/table.asp?league=argentina&tid=cr
2026-05-28 12:10:09 - INFO: ⚽ Extrayendo datos de goles...
2026-05-28 12:10:11 - INFO: ✅ Goals extraídos: 31 equipos
2026-05-28 12:10:11 - INFO: 🎉 Datos completos guardados en static/argentina_stats.json

📋 RESUMEN FINAL:
   📊 Posiciones: 19 equipos
   🚩 Corners: 0 equipos
   ⚽ Goals: 31 equipos
   📁 Archivo: static/argentina_stats.json

🏆 TOP 5 COMPLETO:

1. Estudiantes - 31 pts
   ⚽ Over 1.5: 44%
   ⚽ Over 2.5: 25%
   ⚽ BTS: 25%

2. Boca Juniors - 30 pts
   ⚽ Over 1.5: 69%
   ⚽ Over 2.5: 31%
   ⚽ BTS: 44%

3. Velez Sarsfield - 28 pts
   ⚽ Over 1.5: 56%
   ⚽ Over 2.5: 25%
   ⚽ BTS: 50%

4. T. de Cordoba - 26 pts
   ⚽ Over 1.5: 69%
   ⚽ Over 2.5: 38%
   ⚽ BTS: 50%

5. Independiente - 24 pts
   ⚽ Over 1.5: 88%
   ⚽ Over 2.5: 38%
   ⚽ BTS: 69%
    OK
  → Premier...
/Users/sergiolimas/PROYECTO_PREDICATOR/.venv/lib/python3.9/site-packages/urllib3/__init__.py:35: NotOpenSSLWarning: urllib3 v2 only supports OpenSSL 1.1.1+, currently the 'ssl' module is compiled with 'LibreSSL 2.8.3'. See: https://github.com/urllib3/urllib3/issues/3020
  warnings.warn(
2026-05-28 12:10:11 - INFO: 🔥 Iniciando extracción completa para liga: ENGLAND
2026-05-28 12:10:11 - INFO: 📊 Extrayendo datos de posiciones...
2026-05-28 12:10:12 - INFO: ✅ 1. Arsenal - 85 pts
2026-05-28 12:10:12 - INFO: ✅ 2. Manchester City - 78 pts
2026-05-28 12:10:12 - INFO: ✅ 3. Manchester Utd - 71 pts
2026-05-28 12:10:12 - INFO: ✅ 4. Aston Villa - 65 pts
2026-05-28 12:10:12 - INFO: ✅ 5. Liverpool - 60 pts
2026-05-28 12:10:12 - INFO: ✅ 6. Bournemouth - 57 pts
2026-05-28 12:10:12 - INFO: ✅ 7. Sunderland - 54 pts
2026-05-28 12:10:12 - INFO: ✅ 8. Brighton - 53 pts
2026-05-28 12:10:12 - INFO: ✅ 9. Brentford - 53 pts
2026-05-28 12:10:12 - INFO: ✅ 10. Chelsea - 52 pts
2026-05-28 12:10:12 - INFO: ✅ 11. Fulham - 52 pts
2026-05-28 12:10:12 - INFO: ✅ 12. Newcastle Utd - 49 pts
2026-05-28 12:10:12 - INFO: ✅ 13. Everton - 49 pts
2026-05-28 12:10:12 - INFO: ✅ 14. Leeds Utd - 47 pts
2026-05-28 12:10:12 - INFO: ✅ 15. Crystal Palace - 45 pts
2026-05-28 12:10:12 - INFO: ✅ 16. Nottm Forest - 44 pts
2026-05-28 12:10:12 - INFO: ✅ 17. Tottenham - 41 pts
2026-05-28 12:10:12 - INFO: ✅ 18. West Ham Utd - 39 pts
2026-05-28 12:10:12 - INFO: ✅ 19. Burnley - 22 pts
2026-05-28 12:10:12 - INFO: ✅ 20. Wolverhampton - 20 pts
2026-05-28 12:10:12 - INFO: ✅ Posiciones extraídas: 20 equipos
2026-05-28 12:10:12 - INFO: 🚩 Extrayendo datos de córners...
2026-05-28 12:10:13 - INFO: ✅ Corners extraídos: 20 equipos
2026-05-28 12:10:13 - INFO: ⚽ Extrayendo datos de goles...
2026-05-28 12:10:14 - INFO: ✅ Goals extraídos: 21 equipos
2026-05-28 12:10:14 - INFO: 🎉 Datos completos guardados en static/england_stats.json

📋 RESUMEN FINAL:
   📊 Posiciones: 20 equipos
   🚩 Corners: 20 equipos
   ⚽ Goals: 21 equipos
   📁 Archivo: static/england_stats.json

🏆 TOP 5 COMPLETO:

1. Arsenal - 85 pts
   🚩 Corners Local: 5.89
   🚩 Corners Visitante: 5.47
   ⚽ Over 1.5: 71%
   ⚽ Over 2.5: 53%
   ⚽ BTS: 47%

2. Manchester City - 78 pts
   🚩 Corners Local: 7.11
   🚩 Corners Visitante: 5.74
   ⚽ Over 1.5: 87%
   ⚽ Over 2.5: 63%
   ⚽ BTS: 50%

3. Manchester Utd - 71 pts
   🚩 Corners Local: 5.26
   🚩 Corners Visitante: 4.26
   ⚽ Over 1.5: 84%
   ⚽ Over 2.5: 63%
   ⚽ BTS: 71%

4. Aston Villa - 65 pts
   🚩 Corners Local: 5.53
   🚩 Corners Visitante: 4.95
   ⚽ Over 1.5: 74%
   ⚽ Over 2.5: 53%
   ⚽ BTS: 58%

5. Liverpool - 60 pts
   🚩 Corners Local: 6.26
   🚩 Corners Visitante: 5.95
   ⚽ Over 1.5: 84%
   ⚽ Over 2.5: 61%
   ⚽ BTS: 68%
    OK
  → La Liga...
/Users/sergiolimas/PROYECTO_PREDICATOR/.venv/lib/python3.9/site-packages/urllib3/__init__.py:35: NotOpenSSLWarning: urllib3 v2 only supports OpenSSL 1.1.1+, currently the 'ssl' module is compiled with 'LibreSSL 2.8.3'. See: https://github.com/urllib3/urllib3/issues/3020
  warnings.warn(
2026-05-28 12:10:14 - INFO: 🔥 Iniciando extracción completa para liga: SPAIN
2026-05-28 12:10:14 - INFO: 📊 Extrayendo datos de posiciones...
2026-05-28 12:10:15 - INFO: ✅ 1. FC Barcelona - 94 pts
2026-05-28 12:10:15 - INFO: ✅ 2. Real Madrid - 86 pts
2026-05-28 12:10:15 - INFO: ✅ 3. Villarreal - 72 pts
2026-05-28 12:10:15 - INFO: ✅ 4. Atletico Madrid - 69 pts
2026-05-28 12:10:15 - INFO: ✅ 5. Real Betis - 60 pts
2026-05-28 12:10:15 - INFO: ✅ 6. Celta Vigo - 54 pts
2026-05-28 12:10:15 - INFO: ✅ 7. Getafe - 51 pts
2026-05-28 12:10:15 - INFO: ✅ 8. Rayo Vallecano - 50 pts
2026-05-28 12:10:15 - INFO: ✅ 9. Valencia - 49 pts
2026-05-28 12:10:15 - INFO: ✅ 10. Espanyol - 46 pts
2026-05-28 12:10:15 - INFO: ✅ 11. Real Sociedad - 46 pts
2026-05-28 12:10:15 - INFO: ✅ 12. Athletic Bilbao - 45 pts
2026-05-28 12:10:15 - INFO: ✅ 13. Sevilla FC - 43 pts
2026-05-28 12:10:15 - INFO: ✅ 14. Alaves - 43 pts
2026-05-28 12:10:15 - INFO: ✅ 15. Elche - 43 pts
2026-05-28 12:10:15 - INFO: ✅ 16. Osasuna - 42 pts
2026-05-28 12:10:15 - INFO: ✅ 17. Levante - 42 pts
2026-05-28 12:10:15 - INFO: ✅ 18. Mallorca - 42 pts
2026-05-28 12:10:15 - INFO: ✅ 19. Girona - 41 pts
2026-05-28 12:10:15 - INFO: ✅ 20. Real Oviedo - 29 pts
2026-05-28 12:10:15 - INFO: ✅ Posiciones extraídas: 20 equipos
2026-05-28 12:10:15 - INFO: 🚩 Extrayendo datos de córners...
2026-05-28 12:10:16 - INFO: ✅ Corners extraídos: 20 equipos
2026-05-28 12:10:16 - INFO: ⚽ Extrayendo datos de goles...
2026-05-28 12:10:18 - INFO: ✅ Goals extraídos: 21 equipos
2026-05-28 12:10:18 - INFO: 🎉 Datos completos guardados en static/spain_stats.json

📋 RESUMEN FINAL:
   📊 Posiciones: 20 equipos
   🚩 Corners: 20 equipos
   ⚽ Goals: 21 equipos
   📁 Archivo: static/spain_stats.json

🏆 TOP 5 COMPLETO:

1. FC Barcelona - 94 pts
   🚩 Corners Local: 7.11
   🚩 Corners Visitante: 6.68
   ⚽ Over 1.5: 89%
   ⚽ Over 2.5: 74%
   ⚽ BTS: 58%

2. Real Madrid - 86 pts
   🚩 Corners Local: 6.47
   🚩 Corners Visitante: 6.11
   ⚽ Over 1.5: 87%
   ⚽ Over 2.5: 55%
   ⚽ BTS: 55%

3. Villarreal - 72 pts
   🚩 Corners Local: 5.37
   🚩 Corners Visitante: 3.0
   ⚽ Over 1.5: 92%
   ⚽ Over 2.5: 58%
   ⚽ BTS: 63%

4. Atletico Madrid - 69 pts
   🚩 Corners Local: 7.79
   🚩 Corners Visitante: 5.16
   ⚽ Over 1.5: 74%
   ⚽ Over 2.5: 50%
   ⚽ BTS: 53%

5. Real Betis - 60 pts
   🚩 Corners Local: 4.63
   🚩 Corners Visitante: 4.37
   ⚽ Over 1.5: 89%
   ⚽ Over 2.5: 53%
   ⚽ BTS: 68%
    OK
  → Serie A...
/Users/sergiolimas/PROYECTO_PREDICATOR/.venv/lib/python3.9/site-packages/urllib3/__init__.py:35: NotOpenSSLWarning: urllib3 v2 only supports OpenSSL 1.1.1+, currently the 'ssl' module is compiled with 'LibreSSL 2.8.3'. See: https://github.com/urllib3/urllib3/issues/3020
  warnings.warn(
2026-05-28 12:10:18 - INFO: 🔥 Iniciando extracción completa para liga: ITALY
2026-05-28 12:10:18 - INFO: 📊 Extrayendo datos de posiciones...
2026-05-28 12:10:19 - INFO: ✅ 1. Inter Milan - 87 pts
2026-05-28 12:10:19 - INFO: ✅ 2. Napoli - 76 pts
2026-05-28 12:10:19 - INFO: ✅ 3. AS Roma - 73 pts
2026-05-28 12:10:19 - INFO: ✅ 4. Como - 71 pts
2026-05-28 12:10:19 - INFO: ✅ 5. AC Milan - 70 pts
2026-05-28 12:10:19 - INFO: ✅ 6. Juventus - 69 pts
2026-05-28 12:10:19 - INFO: ✅ 7. Atalanta - 59 pts
2026-05-28 12:10:19 - INFO: ✅ 8. Bologna - 56 pts
2026-05-28 12:10:19 - INFO: ✅ 9. Lazio - 54 pts
2026-05-28 12:10:19 - INFO: ✅ 10. Udinese - 50 pts
2026-05-28 12:10:19 - INFO: ✅ 11. Sassuolo - 49 pts
2026-05-28 12:10:19 - INFO: ✅ 12. Torino - 45 pts
2026-05-28 12:10:19 - INFO: ✅ 13. Parma - 45 pts
2026-05-28 12:10:19 - INFO: ✅ 14. Cagliari - 43 pts
2026-05-28 12:10:19 - INFO: ✅ 15. Fiorentina - 42 pts
2026-05-28 12:10:19 - INFO: ✅ 16. Genoa - 41 pts
2026-05-28 12:10:19 - INFO: ✅ 17. Lecce - 38 pts
2026-05-28 12:10:19 - INFO: ✅ 18. Cremonese - 34 pts
2026-05-28 12:10:19 - INFO: ✅ 19. Hellas Verona - 21 pts
2026-05-28 12:10:19 - INFO: ✅ 20. Pisa - 18 pts
2026-05-28 12:10:19 - INFO: ✅ Posiciones extraídas: 20 equipos
2026-05-28 12:10:19 - INFO: 🚩 Extrayendo datos de córners...
2026-05-28 12:10:20 - INFO: ✅ Corners extraídos: 20 equipos
2026-05-28 12:10:20 - INFO: ⚽ Extrayendo datos de goles...
2026-05-28 12:10:21 - INFO: ✅ Goals extraídos: 21 equipos
2026-05-28 12:10:21 - INFO: 🎉 Datos completos guardados en static/italy_stats.json

📋 RESUMEN FINAL:
   📊 Posiciones: 20 equipos
   🚩 Corners: 20 equipos
   ⚽ Goals: 21 equipos
   📁 Archivo: static/italy_stats.json

🏆 TOP 5 COMPLETO:

1. Inter Milan - 87 pts
   🚩 Corners Local: 7.37
   🚩 Corners Visitante: 5.32
   ⚽ Over 1.5: 84%
   ⚽ Over 2.5: 55%
   ⚽ BTS: 47%

2. Napoli - 76 pts
   🚩 Corners Local: 6.26
   🚩 Corners Visitante: 4.68
   ⚽ Over 1.5: 68%
   ⚽ Over 2.5: 53%
   ⚽ BTS: 47%

3. AS Roma - 73 pts
   🚩 Corners Local: 5.74
   🚩 Corners Visitante: 4.58
   ⚽ Over 1.5: 66%
   ⚽ Over 2.5: 37%
   ⚽ BTS: 34%

4. Como - 71 pts
   🚩 Corners Local: 5.0
   🚩 Corners Visitante: 3.95
   ⚽ Over 1.5: 71%
   ⚽ Over 2.5: 45%
   ⚽ BTS: 42%

5. AC Milan - 70 pts
   🚩 Corners Local: 4.95
   🚩 Corners Visitante: 3.58
   ⚽ Over 1.5: 66%
   ⚽ Over 2.5: 45%
   ⚽ BTS: 47%
    OK
  → Bundesliga...
/Users/sergiolimas/PROYECTO_PREDICATOR/.venv/lib/python3.9/site-packages/urllib3/__init__.py:35: NotOpenSSLWarning: urllib3 v2 only supports OpenSSL 1.1.1+, currently the 'ssl' module is compiled with 'LibreSSL 2.8.3'. See: https://github.com/urllib3/urllib3/issues/3020
  warnings.warn(
2026-05-28 12:10:21 - INFO: 🔥 Iniciando extracción completa para liga: GERMANY
2026-05-28 12:10:21 - INFO: 📊 Extrayendo datos de posiciones...
2026-05-28 12:10:22 - INFO: ✅ 1. Bayern Munich - 89 pts
2026-05-28 12:10:22 - INFO: ✅ 2. Dortmund - 73 pts
2026-05-28 12:10:22 - INFO: ✅ 3. RB Leipzig - 65 pts
2026-05-28 12:10:22 - INFO: ✅ 4. Stuttgart - 62 pts
2026-05-28 12:10:22 - INFO: ✅ 5. Hoffenheim - 61 pts
2026-05-28 12:10:22 - INFO: ✅ 6. Leverkusen - 59 pts
2026-05-28 12:10:22 - INFO: ✅ 7. Freiburg - 47 pts
2026-05-28 12:10:22 - INFO: ✅ 8. E. Frankfurt - 44 pts
2026-05-28 12:10:22 - INFO: ✅ 9. FC Augsburg - 43 pts
2026-05-28 12:10:22 - INFO: ✅ 10. FSV Mainz - 40 pts
2026-05-28 12:10:22 - INFO: ✅ 11. Union Berlin - 39 pts
2026-05-28 12:10:22 - INFO: ✅ 12. Monchengladbach - 38 pts
2026-05-28 12:10:22 - INFO: ✅ 13. Hamburger SV - 38 pts
2026-05-28 12:10:22 - INFO: ✅ 14. FC Koln - 32 pts
2026-05-28 12:10:22 - INFO: ✅ 15. Werder Bremen - 32 pts
2026-05-28 12:10:22 - INFO: ✅ 16. Wolfsburg - 29 pts
2026-05-28 12:10:22 - INFO: ✅ 17. Heidenheim - 26 pts
2026-05-28 12:10:22 - INFO: ✅ 18. Sankt Pauli - 26 pts
2026-05-28 12:10:22 - INFO: ✅ Posiciones extraídas: 18 equipos
2026-05-28 12:10:22 - INFO: 🚩 Extrayendo datos de córners...
2026-05-28 12:10:23 - INFO: ✅ Corners extraídos: 18 equipos
2026-05-28 12:10:23 - INFO: ⚽ Extrayendo datos de goles...
2026-05-28 12:10:23 - INFO: ✅ Goals extraídos: 19 equipos
2026-05-28 12:10:23 - INFO: 🎉 Datos completos guardados en static/germany_stats.json

📋 RESUMEN FINAL:
   📊 Posiciones: 18 equipos
   🚩 Corners: 18 equipos
   ⚽ Goals: 19 equipos
   📁 Archivo: static/germany_stats.json

🏆 TOP 5 COMPLETO:

1. Bayern Munich - 89 pts
   🚩 Corners Local: 7.65
   🚩 Corners Visitante: 5.06
   ⚽ Over 1.5: 97%
   ⚽ Over 2.5: 94%
   ⚽ BTS: 65%

2. Dortmund - 73 pts
   🚩 Corners Local: 7.24
   🚩 Corners Visitante: 3.41
   ⚽ Over 1.5: 85%
   ⚽ Over 2.5: 56%
   ⚽ BTS: 50%

3. RB Leipzig - 65 pts
   🚩 Corners Local: 5.88
   🚩 Corners Visitante: 4.71
   ⚽ Over 1.5: 85%
   ⚽ Over 2.5: 71%
   ⚽ BTS: 62%

4. Stuttgart - 62 pts
   🚩 Corners Local: 5.88
   🚩 Corners Visitante: 5.47
   ⚽ Over 1.5: 85%
   ⚽ Over 2.5: 74%
   ⚽ BTS: 62%

5. Hoffenheim - 61 pts
   🚩 Corners Local: 6.41
   🚩 Corners Visitante: 5.18
   ⚽ Over 1.5: 85%
   ⚽ Over 2.5: 71%
   ⚽ BTS: 65%
    OK
  → Ligue 1...
/Users/sergiolimas/PROYECTO_PREDICATOR/.venv/lib/python3.9/site-packages/urllib3/__init__.py:35: NotOpenSSLWarning: urllib3 v2 only supports OpenSSL 1.1.1+, currently the 'ssl' module is compiled with 'LibreSSL 2.8.3'. See: https://github.com/urllib3/urllib3/issues/3020
  warnings.warn(
2026-05-28 12:10:24 - INFO: 🔥 Iniciando extracción completa para liga: FRANCE
2026-05-28 12:10:24 - INFO: 📊 Extrayendo datos de posiciones...
2026-05-28 12:10:25 - INFO: ✅ 1. Paris SG - 76 pts
2026-05-28 12:10:25 - INFO: ✅ 2. Lens - 70 pts
2026-05-28 12:10:25 - INFO: ✅ 3. Lille - 61 pts
2026-05-28 12:10:25 - INFO: ✅ 4. Lyon - 60 pts
2026-05-28 12:10:25 - INFO: ✅ 5. Marseille - 59 pts
2026-05-28 12:10:25 - INFO: ✅ 6. Rennes - 59 pts
2026-05-28 12:10:25 - INFO: ✅ 7. Monaco - 54 pts
2026-05-28 12:10:25 - INFO: ✅ 8. Strasbourg - 53 pts
2026-05-28 12:10:25 - INFO: ✅ 9. Lorient - 45 pts
2026-05-28 12:10:25 - INFO: ✅ 10. Toulouse - 44 pts
2026-05-28 12:10:25 - INFO: ✅ 11. Paris FC - 44 pts
2026-05-28 12:10:25 - INFO: ✅ 12. Brest - 39 pts
2026-05-28 12:10:25 - INFO: ✅ 13. Angers - 36 pts
2026-05-28 12:10:25 - INFO: ✅ 14. Le Havre - 35 pts
2026-05-28 12:10:25 - INFO: ✅ 15. Auxerre - 34 pts
2026-05-28 12:10:25 - INFO: ✅ 16. Nice - 32 pts
2026-05-28 12:10:25 - INFO: ✅ 17. Nantes - 23 pts
2026-05-28 12:10:25 - INFO: ✅ 18. Metz - 17 pts
2026-05-28 12:10:25 - INFO: ✅ Posiciones extraídas: 18 equipos
2026-05-28 12:10:25 - INFO: 🚩 Extrayendo datos de córners...
2026-05-28 12:10:25 - INFO: ✅ Corners extraídos: 18 equipos
2026-05-28 12:10:25 - INFO: ⚽ Extrayendo datos de goles...
2026-05-28 12:10:26 - INFO: ✅ Goals extraídos: 19 equipos
2026-05-28 12:10:26 - INFO: 🎉 Datos completos guardados en static/france_stats.json

📋 RESUMEN FINAL:
   📊 Posiciones: 18 equipos
   🚩 Corners: 18 equipos
   ⚽ Goals: 19 equipos
   📁 Archivo: static/france_stats.json

🏆 TOP 5 COMPLETO:

1. Paris SG - 76 pts
   🚩 Corners Local: 7.47
   🚩 Corners Visitante: 5.24
   ⚽ Over 1.5: 76%
   ⚽ Over 2.5: 62%
   ⚽ BTS: 41%

2. Lens - 70 pts
   🚩 Corners Local: 6.76
   🚩 Corners Visitante: 5.65
   ⚽ Over 1.5: 82%
   ⚽ Over 2.5: 65%
   ⚽ BTS: 50%

3. Lille - 61 pts
   🚩 Corners Local: 6.35
   🚩 Corners Visitante: 5.06
   ⚽ Over 1.5: 65%
   ⚽ Over 2.5: 38%
   ⚽ BTS: 38%

4. Lyon - 60 pts
   🚩 Corners Local: 6.53
   🚩 Corners Visitante: 5.24
   ⚽ Over 1.5: 65%
   ⚽ Over 2.5: 56%
   ⚽ BTS: 50%

5. Marseille - 59 pts
   🚩 Corners Local: 5.59
   🚩 Corners Visitante: 4.76
   ⚽ Over 1.5: 74%
   ⚽ Over 2.5: 62%
   ⚽ BTS: 50%
    OK
  → Brasil...
/Users/sergiolimas/PROYECTO_PREDICATOR/.venv/lib/python3.9/site-packages/urllib3/__init__.py:35: NotOpenSSLWarning: urllib3 v2 only supports OpenSSL 1.1.1+, currently the 'ssl' module is compiled with 'LibreSSL 2.8.3'. See: https://github.com/urllib3/urllib3/issues/3020
  warnings.warn(
2026-05-28 12:10:26,927 - INFO: 🔥 Liga: Brasileirao
2026-05-28 12:10:28,186 - INFO: ✅ 1. Palmeiras - 38 pts
2026-05-28 12:10:28,187 - INFO: ✅ 2. Flamengo - 31 pts
2026-05-28 12:10:28,188 - INFO: ✅ 3. Fluminense - 30 pts
2026-05-28 12:10:28,188 - INFO: ✅ 4. Athletico PR - 27 pts
2026-05-28 12:10:28,189 - INFO: ✅ 5. Bragantino - 26 pts
2026-05-28 12:10:28,190 - INFO: ✅ 6. Coritiba - 26 pts
2026-05-28 12:10:28,190 - INFO: ✅ 7. Sao Paulo - 25 pts
2026-05-28 12:10:28,191 - INFO: ✅ 8. Bahia - 23 pts
2026-05-28 12:10:28,191 - INFO: ✅ 9. Cruzeiro - 23 pts
2026-05-28 12:10:28,192 - INFO: ✅ 10. Botafogo - 22 pts
2026-05-28 12:10:28,193 - INFO: ✅ 11. Vitoria - 22 pts
2026-05-28 12:10:28,193 - INFO: ✅ 12. Internacional - 21 pts
2026-05-28 12:10:28,194 - INFO: ✅ 13. Gremio - 21 pts
2026-05-28 12:10:28,194 - INFO: ✅ 14. Atletico MG - 21 pts
2026-05-28 12:10:28,195 - INFO: ✅ 15. Corinthians - 21 pts
2026-05-28 12:10:28,196 - INFO: ✅ 16. Vasco da Gama - 20 pts
2026-05-28 12:10:28,196 - INFO: ✅ 17. Santos - 18 pts
2026-05-28 12:10:28,197 - INFO: ✅ 18. Mirassol - 16 pts
2026-05-28 12:10:28,197 - INFO: ✅ 19. Remo - 15 pts
2026-05-28 12:10:28,198 - INFO: ✅ 20. Chapecoense - 9 pts
2026-05-28 12:10:28,198 - INFO: ✅ Posiciones: 20 equipos
2026-05-28 12:10:29,021 - INFO: ✅ Goals extraídos: 21 equipos

✅ Archivo generado: static/brazil_stats.json
   📊 Posiciones: 20 | ⚽ Goals: 21
    OK
  → Champions...
/Users/sergiolimas/PROYECTO_PREDICATOR/.venv/lib/python3.9/site-packages/urllib3/__init__.py:35: NotOpenSSLWarning: urllib3 v2 only supports OpenSSL 1.1.1+, currently the 'ssl' module is compiled with 'LibreSSL 2.8.3'. See: https://github.com/urllib3/urllib3/issues/3020
  warnings.warn(
2026-05-28 12:10:29,135 - INFO: 🔥 Liga: Champions League (via ESPN)
2026-05-28 12:10:29,439 - INFO: ✅ 1. Arsenal - 24 pts
2026-05-28 12:10:29,439 - INFO: ✅ 2. Bayern Munich - 21 pts
2026-05-28 12:10:29,439 - INFO: ✅ 3. Liverpool - 18 pts
2026-05-28 12:10:29,439 - INFO: ✅ 4. Tottenham Hotspur - 17 pts
2026-05-28 12:10:29,440 - INFO: ✅ 5. Barcelona - 16 pts
2026-05-28 12:10:29,440 - INFO: ✅ 6. Chelsea - 16 pts
2026-05-28 12:10:29,440 - INFO: ✅ 7. Sporting CP - 16 pts
2026-05-28 12:10:29,440 - INFO: ✅ 8. Manchester City - 16 pts
2026-05-28 12:10:29,440 - INFO: ✅ 9. Real Madrid - 15 pts
2026-05-28 12:10:29,440 - INFO: ✅ 10. Internazionale - 15 pts
2026-05-28 12:10:29,440 - INFO: ✅ 11. Paris Saint-Germain - 14 pts
2026-05-28 12:10:29,440 - INFO: ✅ 12. Newcastle United - 14 pts
2026-05-28 12:10:29,440 - INFO: ✅ 13. Juventus - 13 pts
2026-05-28 12:10:29,440 - INFO: ✅ 14. Atlético Madrid - 13 pts
2026-05-28 12:10:29,440 - INFO: ✅ 15. Atalanta - 13 pts
2026-05-28 12:10:29,441 - INFO: ✅ 16. Bayer Leverkusen - 12 pts
2026-05-28 12:10:29,441 - INFO: ✅ 17. Borussia Dortmund - 11 pts
2026-05-28 12:10:29,441 - INFO: ✅ 18. Olympiacos - 11 pts
2026-05-28 12:10:29,441 - INFO: ✅ 19. Club Brugge - 10 pts
2026-05-28 12:10:29,441 - INFO: ✅ 20. Galatasaray - 10 pts
2026-05-28 12:10:29,441 - INFO: ✅ 21. AS Monaco - 10 pts
2026-05-28 12:10:29,441 - INFO: ✅ 22. FK Qarabag - 10 pts
2026-05-28 12:10:29,441 - INFO: ✅ 23. Bodo/Glimt - 9 pts
2026-05-28 12:10:29,441 - INFO: ✅ 24. Benfica - 9 pts
2026-05-28 12:10:29,441 - INFO: ✅ 25. Marseille - 9 pts
2026-05-28 12:10:29,441 - INFO: ✅ 26. Pafos - 9 pts
2026-05-28 12:10:29,442 - INFO: ✅ 27. Union St.-Gilloise - 9 pts
2026-05-28 12:10:29,442 - INFO: ✅ 28. PSV Eindhoven - 8 pts
2026-05-28 12:10:29,442 - INFO: ✅ 29. Athletic Club - 8 pts
2026-05-28 12:10:29,442 - INFO: ✅ 30. Napoli - 8 pts
2026-05-28 12:10:29,442 - INFO: ✅ 31. F.C. København - 8 pts
2026-05-28 12:10:29,442 - INFO: ✅ 32. Ajax Amsterdam - 6 pts
2026-05-28 12:10:29,442 - INFO: ✅ 33. Eintracht Frankfurt - 4 pts
2026-05-28 12:10:29,442 - INFO: ✅ 34. Slavia Prague - 3 pts
2026-05-28 12:10:29,442 - INFO: ✅ 35. Villarreal - 1 pts
2026-05-28 12:10:29,442 - INFO: ✅ 36. Kairat Almaty - 1 pts
2026-05-28 12:10:29,442 - INFO: ✅ Posiciones: 36 equipos
2026-05-28 12:10:30,669 - WARNING: Goals no disponibles en soccerstats para Champions — usando defaults

✅ Archivo generado: static/uefa-champions-league_stats.json
   📊 Posiciones: 36 | ⚽ Goals: 0
    OK
  → NBA (background)...
/Users/sergiolimas/PROYECTO_PREDICATOR/.venv/lib/python3.9/site-packages/urllib3/__init__.py:35: NotOpenSSLWarning: urllib3 v2 only supports OpenSSL 1.1.1+, currently the 'ssl' module is compiled with 'LibreSSL 2.8.3'. See: https://github.com/urllib3/urllib3/issues/3020
  warnings.warn(
=======================================================
  NBA SCRAPER | nba_api | 2025-26
=======================================================

1. Cargando equipos NBA...
   OK: 30 equipos

2. Obteniendo standings...
   [reintento 1] ('Connection aborted.', TimeoutError(60, 'Operation timed out'))
   [reintento 2] ('Connection aborted.', TimeoutError(60, 'Operation timed out'))
   [reintento 3] HTTPSConnectionPool(host='stats.nba.com', port=443): Read timed out. (read timeout=30)
   WARN: no se obtuvieron standings

3. Obteniendo stats de equipos...
   [reintento 1] ('Connection aborted.', TimeoutError(60, 'Operation timed out'))
   [reintento 2] ('Connection aborted.', TimeoutError(60, 'Operation timed out'))
   [reintento 3] ('Connection aborted.', TimeoutError(60, 'Operation timed out'))
   WARN: no se obtuvieron stats de equipos

4. Obteniendo stats de jugadores...
   [reintento 1] ('Connection aborted.', TimeoutError(60, 'Operation timed out'))
   [reintento 2] ('Connection aborted.', TimeoutError(60, 'Operation timed out'))
   [reintento 3] ('Connection aborted.', TimeoutError(60, 'Operation timed out'))
   WARN: no se obtuvieron stats de jugadores

4b. Verificando equipo actual de jugadores traspasados...
    (esto puede tardar ~6 min por rate limit de NBA.com)
   OK: 0 traspasos detectados y corregidos

5. Lesionados: no disponible en nba_api free (todos Active)

6. Construyendo JSON...

ADVERTENCIA: todos los equipos tienen 0 victorias/derrotas — la API no devolvió datos.
  Conservando static/nba_stats.json anterior para no sobreescribir con datos vacíos.
    NBA OK
[2/4] Actualizando resultados de ayer...
/Users/sergiolimas/PROYECTO_PREDICATOR/.venv/lib/python3.9/site-packages/urllib3/__init__.py:35: NotOpenSSLWarning: urllib3 v2 only supports OpenSSL 1.1.1+, currently the 'ssl' module is compiled with 'LibreSSL 2.8.3'. See: https://github.com/urllib3/urllib3/issues/3020
  warnings.warn(
Buscando resultados para 5 predicciones pendientes...
   Sin resultados aún para Copa Libertadores 2026-05-28
   Sin resultados aún para Copa Sudamericana 2026-05-28
Ningún partido ha terminado todavía.
  OK
[3/4] Generando predicciones...
/Users/sergiolimas/PROYECTO_PREDICATOR/.venv/lib/python3.9/site-packages/urllib3/__init__.py:35: NotOpenSSLWarning: urllib3 v2 only supports OpenSSL 1.1.1+, currently the 'ssl' module is compiled with 'LibreSSL 2.8.3'. See: https://github.com/urllib3/urllib3/issues/3020
  warnings.warn(
Traceback (most recent call last):
  File "/Users/sergiolimas/PROYECTO_PREDICATOR/scrapers/generate_predictions.py", line 2620, in <module>
    today_str: str) -> dict | None:
TypeError: unsupported operand type(s) for |: 'type' and 'NoneType'

============================================
  PREDIKTOR daily update — 2026-05-28 12:37
============================================
[1/4] Actualizando estadísticas...
  → Colombia...
/Users/sergiolimas/PROYECTO_PREDICATOR/.venv/lib/python3.9/site-packages/urllib3/__init__.py:35: NotOpenSSLWarning: urllib3 v2 only supports OpenSSL 1.1.1+, currently the 'ssl' module is compiled with 'LibreSSL 2.8.3'. See: https://github.com/urllib3/urllib3/issues/3020
  warnings.warn(
2026-05-28 12:37:42 - INFO: 🔥 Iniciando extracción completa para liga: COLOMBIA
2026-05-28 12:37:42 - INFO: 📊 Extrayendo datos de posiciones...
2026-05-28 12:37:44 - INFO: ✅ 1. A. Nacional - 40 pts
2026-05-28 12:37:44 - INFO: ✅ 2. Junior - 35 pts
2026-05-28 12:37:44 - INFO: ✅ 3. Deportivo Pasto - 34 pts
2026-05-28 12:37:44 - INFO: ✅ 4. America de Cali - 33 pts
2026-05-28 12:37:44 - INFO: ✅ 5. Once Caldas - 33 pts
2026-05-28 12:37:44 - INFO: ✅ 6. Deportes Tolima - 31 pts
2026-05-28 12:37:44 - INFO: ✅ 7. Santa Fe - 29 pts
2026-05-28 12:37:44 - INFO: ✅ 8. La Equidad - 28 pts
2026-05-28 12:37:44 - INFO: ✅ 9. Deportivo Cali - 27 pts
2026-05-28 12:37:44 - INFO: ✅ 10. Millonarios - 26 pts
2026-05-28 12:37:44 - INFO: ✅ 11. I. Medelin - 26 pts
2026-05-28 12:37:44 - INFO: ✅ 12. R. Aguilas - 26 pts
2026-05-28 12:37:44 - INFO: ✅ 13. A. Bucaramanga - 23 pts
2026-05-28 12:37:44 - INFO: ✅ 14. Llaneros - 22 pts
2026-05-28 12:37:44 - INFO: ✅ 15. Fortaleza CEIF - 22 pts
2026-05-28 12:37:44 - INFO: ✅ 16. Jaguares de C. - 18 pts
2026-05-28 12:37:44 - INFO: ✅ 17. A. Petrolera - 17 pts
2026-05-28 12:37:44 - INFO: ✅ 18. Boyaca Chico - 17 pts
2026-05-28 12:37:44 - INFO: ✅ 19. Cucuta - 16 pts
2026-05-28 12:37:44 - INFO: ✅ 20. D. Pereira - 10 pts
2026-05-28 12:37:44 - INFO: ✅ Posiciones extraídas: 20 equipos
2026-05-28 12:37:44 - INFO: 🚩 Extrayendo datos de córners...
2026-05-28 12:37:44 - WARNING: Error en la solicitud (intento 1/3): 404 Client Error: Not Found for url: https://www.soccerstats.com/table.asp?league=colombia&tid=cr
2026-05-28 12:37:45 - WARNING: Error en la solicitud (intento 2/3): 404 Client Error: Not Found for url: https://www.soccerstats.com/table.asp?league=colombia&tid=cr
2026-05-28 12:37:45 - WARNING: Error en la solicitud (intento 3/3): 404 Client Error: Not Found for url: https://www.soccerstats.com/table.asp?league=colombia&tid=cr
2026-05-28 12:37:45 - ERROR: Error en scrape_corners_data: 404 Client Error: Not Found for url: https://www.soccerstats.com/table.asp?league=colombia&tid=cr
2026-05-28 12:37:45 - INFO: ⚽ Extrayendo datos de goles...
2026-05-28 12:37:46 - INFO: ✅ Goals extraídos: 21 equipos
2026-05-28 12:37:46 - INFO: 🎉 Datos completos guardados en static/colombia_stats.json

📋 RESUMEN FINAL:
   📊 Posiciones: 20 equipos
   🚩 Corners: 0 equipos
   ⚽ Goals: 21 equipos
   📁 Archivo: static/colombia_stats.json

🏆 TOP 5 COMPLETO:

1. A. Nacional - 40 pts
   ⚽ Over 1.5: 74%
   ⚽ Over 2.5: 63%
   ⚽ BTS: 37%

2. Junior - 35 pts
   ⚽ Over 1.5: 95%
   ⚽ Over 2.5: 58%
   ⚽ BTS: 53%

3. Deportivo Pasto - 34 pts
   ⚽ Over 1.5: 74%
   ⚽ Over 2.5: 58%
   ⚽ BTS: 58%

4. America de Cali - 33 pts
   ⚽ Over 1.5: 68%
   ⚽ Over 2.5: 42%
   ⚽ BTS: 37%

5. Once Caldas - 33 pts
   ⚽ Over 1.5: 89%
   ⚽ Over 2.5: 47%
   ⚽ BTS: 79%
    OK
  → Argentina...
/Users/sergiolimas/PROYECTO_PREDICATOR/.venv/lib/python3.9/site-packages/urllib3/__init__.py:35: NotOpenSSLWarning: urllib3 v2 only supports OpenSSL 1.1.1+, currently the 'ssl' module is compiled with 'LibreSSL 2.8.3'. See: https://github.com/urllib3/urllib3/issues/3020
  warnings.warn(
2026-05-28 12:37:46 - INFO: 🔥 Iniciando extracción completa para liga: ARGENTINA
2026-05-28 12:37:46 - INFO: 📊 Extrayendo datos de posiciones...
2026-05-28 12:37:47 - INFO: ✅ 1. Estudiantes - 31 pts
2026-05-28 12:37:47 - INFO: ✅ 2. Boca Juniors - 30 pts
2026-05-28 12:37:47 - INFO: ✅ 3. Velez Sarsfield - 28 pts
2026-05-28 12:37:47 - INFO: ✅ 4. T. de Cordoba - 26 pts
2026-05-28 12:37:47 - INFO: ✅ 5. Independiente - 24 pts
2026-05-28 12:37:47 - INFO: ✅ 6. Lanus - 24 pts
2026-05-28 12:37:47 - INFO: ✅ 7. San Lorenzo - 22 pts
2026-05-28 12:37:47 - INFO: ✅ 8. Union Santa Fe - 21 pts
2026-05-28 12:37:47 - INFO: ✅ 9. Defensa y J. - 19 pts
2026-05-28 12:37:47 - INFO: ✅ 10. G. Mendoza - 19 pts
2026-05-28 12:37:47 - INFO: ✅ 11. Platense - 16 pts
2026-05-28 12:37:47 - INFO: ✅ 12. Central Cordoba - 16 pts
2026-05-28 12:37:47 - INFO: ✅ 13. Newells - 15 pts
2026-05-28 12:37:47 - INFO: ✅ 14. D. Riestra - 11 pts
2026-05-28 12:37:47 - INFO: ✅ 15. I. Rivadavia - 34 pts
2026-05-28 12:37:47 - INFO: ✅ 16. I. Rivadavia - 34 pts
2026-05-28 12:37:47 - INFO: ✅ 17. River Plate - 29 pts
2026-05-28 12:37:47 - INFO: ✅ 18. Argentinos Jrs - 29 pts
2026-05-28 12:37:47 - INFO: ✅ 19. Rosario Central - 28 pts
2026-05-28 12:37:47 - INFO: ✅ 20. Belgrano - 26 pts
2026-05-28 12:37:47 - INFO: ✅ Posiciones extraídas: 20 equipos
2026-05-28 12:37:47 - INFO: 🚩 Extrayendo datos de córners...
2026-05-28 12:37:47 - WARNING: Error en la solicitud (intento 1/3): 404 Client Error: Not Found for url: https://www.soccerstats.com/table.asp?league=argentina&tid=cr
2026-05-28 12:37:48 - WARNING: Error en la solicitud (intento 2/3): 404 Client Error: Not Found for url: https://www.soccerstats.com/table.asp?league=argentina&tid=cr
2026-05-28 12:37:48 - WARNING: Error en la solicitud (intento 3/3): 404 Client Error: Not Found for url: https://www.soccerstats.com/table.asp?league=argentina&tid=cr
2026-05-28 12:37:48 - ERROR: Error en scrape_corners_data: 404 Client Error: Not Found for url: https://www.soccerstats.com/table.asp?league=argentina&tid=cr
2026-05-28 12:37:48 - INFO: ⚽ Extrayendo datos de goles...
2026-05-28 12:37:49 - INFO: ✅ Goals extraídos: 31 equipos
2026-05-28 12:37:49 - INFO: 🎉 Datos completos guardados en static/argentina_stats.json

📋 RESUMEN FINAL:
   📊 Posiciones: 19 equipos
   🚩 Corners: 0 equipos
   ⚽ Goals: 31 equipos
   📁 Archivo: static/argentina_stats.json

🏆 TOP 5 COMPLETO:

1. Estudiantes - 31 pts
   ⚽ Over 1.5: 44%
   ⚽ Over 2.5: 25%
   ⚽ BTS: 25%

2. Boca Juniors - 30 pts
   ⚽ Over 1.5: 69%
   ⚽ Over 2.5: 31%
   ⚽ BTS: 44%

3. Velez Sarsfield - 28 pts
   ⚽ Over 1.5: 56%
   ⚽ Over 2.5: 25%
   ⚽ BTS: 50%

4. T. de Cordoba - 26 pts
   ⚽ Over 1.5: 69%
   ⚽ Over 2.5: 38%
   ⚽ BTS: 50%

5. Independiente - 24 pts
   ⚽ Over 1.5: 88%
   ⚽ Over 2.5: 38%
   ⚽ BTS: 69%
    OK
  → Premier...
/Users/sergiolimas/PROYECTO_PREDICATOR/.venv/lib/python3.9/site-packages/urllib3/__init__.py:35: NotOpenSSLWarning: urllib3 v2 only supports OpenSSL 1.1.1+, currently the 'ssl' module is compiled with 'LibreSSL 2.8.3'. See: https://github.com/urllib3/urllib3/issues/3020
  warnings.warn(
2026-05-28 12:37:50 - INFO: 🔥 Iniciando extracción completa para liga: ENGLAND
2026-05-28 12:37:50 - INFO: 📊 Extrayendo datos de posiciones...
2026-05-28 12:37:51 - INFO: ✅ 1. Arsenal - 85 pts
2026-05-28 12:37:51 - INFO: ✅ 2. Manchester City - 78 pts
2026-05-28 12:37:51 - INFO: ✅ 3. Manchester Utd - 71 pts
2026-05-28 12:37:51 - INFO: ✅ 4. Aston Villa - 65 pts
2026-05-28 12:37:51 - INFO: ✅ 5. Liverpool - 60 pts
2026-05-28 12:37:51 - INFO: ✅ 6. Bournemouth - 57 pts
2026-05-28 12:37:51 - INFO: ✅ 7. Sunderland - 54 pts
2026-05-28 12:37:51 - INFO: ✅ 8. Brighton - 53 pts
2026-05-28 12:37:51 - INFO: ✅ 9. Brentford - 53 pts
2026-05-28 12:37:51 - INFO: ✅ 10. Chelsea - 52 pts
2026-05-28 12:37:51 - INFO: ✅ 11. Fulham - 52 pts
2026-05-28 12:37:51 - INFO: ✅ 12. Newcastle Utd - 49 pts
2026-05-28 12:37:51 - INFO: ✅ 13. Everton - 49 pts
2026-05-28 12:37:51 - INFO: ✅ 14. Leeds Utd - 47 pts
2026-05-28 12:37:51 - INFO: ✅ 15. Crystal Palace - 45 pts
2026-05-28 12:37:51 - INFO: ✅ 16. Nottm Forest - 44 pts
2026-05-28 12:37:51 - INFO: ✅ 17. Tottenham - 41 pts
2026-05-28 12:37:51 - INFO: ✅ 18. West Ham Utd - 39 pts
2026-05-28 12:37:51 - INFO: ✅ 19. Burnley - 22 pts
2026-05-28 12:37:51 - INFO: ✅ 20. Wolverhampton - 20 pts
2026-05-28 12:37:51 - INFO: ✅ Posiciones extraídas: 20 equipos
2026-05-28 12:37:51 - INFO: 🚩 Extrayendo datos de córners...
2026-05-28 12:37:52 - INFO: ✅ Corners extraídos: 20 equipos
2026-05-28 12:37:52 - INFO: ⚽ Extrayendo datos de goles...
2026-05-28 12:37:53 - INFO: ✅ Goals extraídos: 21 equipos
2026-05-28 12:37:53 - INFO: 🎉 Datos completos guardados en static/england_stats.json

📋 RESUMEN FINAL:
   📊 Posiciones: 20 equipos
   🚩 Corners: 20 equipos
   ⚽ Goals: 21 equipos
   📁 Archivo: static/england_stats.json

🏆 TOP 5 COMPLETO:

1. Arsenal - 85 pts
   🚩 Corners Local: 5.89
   🚩 Corners Visitante: 5.47
   ⚽ Over 1.5: 71%
   ⚽ Over 2.5: 53%
   ⚽ BTS: 47%

2. Manchester City - 78 pts
   🚩 Corners Local: 7.11
   🚩 Corners Visitante: 5.74
   ⚽ Over 1.5: 87%
   ⚽ Over 2.5: 63%
   ⚽ BTS: 50%

3. Manchester Utd - 71 pts
   🚩 Corners Local: 5.26
   🚩 Corners Visitante: 4.26
   ⚽ Over 1.5: 84%
   ⚽ Over 2.5: 63%
   ⚽ BTS: 71%

4. Aston Villa - 65 pts
   🚩 Corners Local: 5.53
   🚩 Corners Visitante: 4.95
   ⚽ Over 1.5: 74%
   ⚽ Over 2.5: 53%
   ⚽ BTS: 58%

5. Liverpool - 60 pts
   🚩 Corners Local: 6.26
   🚩 Corners Visitante: 5.95
   ⚽ Over 1.5: 84%
   ⚽ Over 2.5: 61%
   ⚽ BTS: 68%
    OK
  → La Liga...
/Users/sergiolimas/PROYECTO_PREDICATOR/.venv/lib/python3.9/site-packages/urllib3/__init__.py:35: NotOpenSSLWarning: urllib3 v2 only supports OpenSSL 1.1.1+, currently the 'ssl' module is compiled with 'LibreSSL 2.8.3'. See: https://github.com/urllib3/urllib3/issues/3020
  warnings.warn(
2026-05-28 12:37:53 - INFO: 🔥 Iniciando extracción completa para liga: SPAIN
2026-05-28 12:37:53 - INFO: 📊 Extrayendo datos de posiciones...
2026-05-28 12:37:54 - INFO: ✅ 1. FC Barcelona - 94 pts
2026-05-28 12:37:54 - INFO: ✅ 2. Real Madrid - 86 pts
2026-05-28 12:37:54 - INFO: ✅ 3. Villarreal - 72 pts
2026-05-28 12:37:54 - INFO: ✅ 4. Atletico Madrid - 69 pts
2026-05-28 12:37:54 - INFO: ✅ 5. Real Betis - 60 pts
2026-05-28 12:37:54 - INFO: ✅ 6. Celta Vigo - 54 pts
2026-05-28 12:37:54 - INFO: ✅ 7. Getafe - 51 pts
2026-05-28 12:37:54 - INFO: ✅ 8. Rayo Vallecano - 50 pts
2026-05-28 12:37:54 - INFO: ✅ 9. Valencia - 49 pts
2026-05-28 12:37:54 - INFO: ✅ 10. Espanyol - 46 pts
2026-05-28 12:37:54 - INFO: ✅ 11. Real Sociedad - 46 pts
2026-05-28 12:37:54 - INFO: ✅ 12. Athletic Bilbao - 45 pts
2026-05-28 12:37:54 - INFO: ✅ 13. Sevilla FC - 43 pts
2026-05-28 12:37:54 - INFO: ✅ 14. Alaves - 43 pts
2026-05-28 12:37:54 - INFO: ✅ 15. Elche - 43 pts
2026-05-28 12:37:54 - INFO: ✅ 16. Osasuna - 42 pts
2026-05-28 12:37:54 - INFO: ✅ 17. Levante - 42 pts
2026-05-28 12:37:54 - INFO: ✅ 18. Mallorca - 42 pts
2026-05-28 12:37:54 - INFO: ✅ 19. Girona - 41 pts
2026-05-28 12:37:54 - INFO: ✅ 20. Real Oviedo - 29 pts
2026-05-28 12:37:54 - INFO: ✅ Posiciones extraídas: 20 equipos
2026-05-28 12:37:54 - INFO: 🚩 Extrayendo datos de córners...
2026-05-28 12:37:54 - INFO: ✅ Corners extraídos: 20 equipos
2026-05-28 12:37:54 - INFO: ⚽ Extrayendo datos de goles...
2026-05-28 12:37:55 - INFO: ✅ Goals extraídos: 21 equipos
2026-05-28 12:37:55 - INFO: 🎉 Datos completos guardados en static/spain_stats.json

📋 RESUMEN FINAL:
   📊 Posiciones: 20 equipos
   🚩 Corners: 20 equipos
   ⚽ Goals: 21 equipos
   📁 Archivo: static/spain_stats.json

🏆 TOP 5 COMPLETO:

1. FC Barcelona - 94 pts
   🚩 Corners Local: 7.11
   🚩 Corners Visitante: 6.68
   ⚽ Over 1.5: 89%
   ⚽ Over 2.5: 74%
   ⚽ BTS: 58%

2. Real Madrid - 86 pts
   🚩 Corners Local: 6.47
   🚩 Corners Visitante: 6.11
   ⚽ Over 1.5: 87%
   ⚽ Over 2.5: 55%
   ⚽ BTS: 55%

3. Villarreal - 72 pts
   🚩 Corners Local: 5.37
   🚩 Corners Visitante: 3.0
   ⚽ Over 1.5: 92%
   ⚽ Over 2.5: 58%
   ⚽ BTS: 63%

4. Atletico Madrid - 69 pts
   🚩 Corners Local: 7.79
   🚩 Corners Visitante: 5.16
   ⚽ Over 1.5: 74%
   ⚽ Over 2.5: 50%
   ⚽ BTS: 53%

5. Real Betis - 60 pts
   🚩 Corners Local: 4.63
   🚩 Corners Visitante: 4.37
   ⚽ Over 1.5: 89%
   ⚽ Over 2.5: 53%
   ⚽ BTS: 68%
    OK
  → Serie A...
/Users/sergiolimas/PROYECTO_PREDICATOR/.venv/lib/python3.9/site-packages/urllib3/__init__.py:35: NotOpenSSLWarning: urllib3 v2 only supports OpenSSL 1.1.1+, currently the 'ssl' module is compiled with 'LibreSSL 2.8.3'. See: https://github.com/urllib3/urllib3/issues/3020
  warnings.warn(
2026-05-28 12:37:55 - INFO: 🔥 Iniciando extracción completa para liga: ITALY
2026-05-28 12:37:55 - INFO: 📊 Extrayendo datos de posiciones...
2026-05-28 12:37:57 - INFO: ✅ 1. Inter Milan - 87 pts
2026-05-28 12:37:57 - INFO: ✅ 2. Napoli - 76 pts
2026-05-28 12:37:57 - INFO: ✅ 3. AS Roma - 73 pts
2026-05-28 12:37:57 - INFO: ✅ 4. Como - 71 pts
2026-05-28 12:37:57 - INFO: ✅ 5. AC Milan - 70 pts
2026-05-28 12:37:57 - INFO: ✅ 6. Juventus - 69 pts
2026-05-28 12:37:57 - INFO: ✅ 7. Atalanta - 59 pts
2026-05-28 12:37:57 - INFO: ✅ 8. Bologna - 56 pts
2026-05-28 12:37:57 - INFO: ✅ 9. Lazio - 54 pts
2026-05-28 12:37:57 - INFO: ✅ 10. Udinese - 50 pts
2026-05-28 12:37:57 - INFO: ✅ 11. Sassuolo - 49 pts
2026-05-28 12:37:57 - INFO: ✅ 12. Torino - 45 pts
2026-05-28 12:37:57 - INFO: ✅ 13. Parma - 45 pts
2026-05-28 12:37:57 - INFO: ✅ 14. Cagliari - 43 pts
2026-05-28 12:37:57 - INFO: ✅ 15. Fiorentina - 42 pts
2026-05-28 12:37:57 - INFO: ✅ 16. Genoa - 41 pts
2026-05-28 12:37:57 - INFO: ✅ 17. Lecce - 38 pts
2026-05-28 12:37:57 - INFO: ✅ 18. Cremonese - 34 pts
2026-05-28 12:37:57 - INFO: ✅ 19. Hellas Verona - 21 pts
2026-05-28 12:37:57 - INFO: ✅ 20. Pisa - 18 pts
2026-05-28 12:37:57 - INFO: ✅ Posiciones extraídas: 20 equipos
2026-05-28 12:37:57 - INFO: 🚩 Extrayendo datos de córners...
2026-05-28 12:37:57 - INFO: ✅ Corners extraídos: 20 equipos
2026-05-28 12:37:57 - INFO: ⚽ Extrayendo datos de goles...
2026-05-28 12:37:58 - INFO: ✅ Goals extraídos: 21 equipos
2026-05-28 12:37:58 - INFO: 🎉 Datos completos guardados en static/italy_stats.json

📋 RESUMEN FINAL:
   📊 Posiciones: 20 equipos
   🚩 Corners: 20 equipos
   ⚽ Goals: 21 equipos
   📁 Archivo: static/italy_stats.json

🏆 TOP 5 COMPLETO:

1. Inter Milan - 87 pts
   🚩 Corners Local: 7.37
   🚩 Corners Visitante: 5.32
   ⚽ Over 1.5: 84%
   ⚽ Over 2.5: 55%
   ⚽ BTS: 47%

2. Napoli - 76 pts
   🚩 Corners Local: 6.26
   🚩 Corners Visitante: 4.68
   ⚽ Over 1.5: 68%
   ⚽ Over 2.5: 53%
   ⚽ BTS: 47%

3. AS Roma - 73 pts
   🚩 Corners Local: 5.74
   🚩 Corners Visitante: 4.58
   ⚽ Over 1.5: 66%
   ⚽ Over 2.5: 37%
   ⚽ BTS: 34%

4. Como - 71 pts
   🚩 Corners Local: 5.0
   🚩 Corners Visitante: 3.95
   ⚽ Over 1.5: 71%
   ⚽ Over 2.5: 45%
   ⚽ BTS: 42%

5. AC Milan - 70 pts
   🚩 Corners Local: 4.95
   🚩 Corners Visitante: 3.58
   ⚽ Over 1.5: 66%
   ⚽ Over 2.5: 45%
   ⚽ BTS: 47%
    OK
  → Bundesliga...
/Users/sergiolimas/PROYECTO_PREDICATOR/.venv/lib/python3.9/site-packages/urllib3/__init__.py:35: NotOpenSSLWarning: urllib3 v2 only supports OpenSSL 1.1.1+, currently the 'ssl' module is compiled with 'LibreSSL 2.8.3'. See: https://github.com/urllib3/urllib3/issues/3020
  warnings.warn(
2026-05-28 12:37:58 - INFO: 🔥 Iniciando extracción completa para liga: GERMANY
2026-05-28 12:37:58 - INFO: 📊 Extrayendo datos de posiciones...
2026-05-28 12:37:59 - INFO: ✅ 1. Bayern Munich - 89 pts
2026-05-28 12:37:59 - INFO: ✅ 2. Dortmund - 73 pts
2026-05-28 12:37:59 - INFO: ✅ 3. RB Leipzig - 65 pts
2026-05-28 12:37:59 - INFO: ✅ 4. Stuttgart - 62 pts
2026-05-28 12:37:59 - INFO: ✅ 5. Hoffenheim - 61 pts
2026-05-28 12:37:59 - INFO: ✅ 6. Leverkusen - 59 pts
2026-05-28 12:37:59 - INFO: ✅ 7. Freiburg - 47 pts
2026-05-28 12:37:59 - INFO: ✅ 8. E. Frankfurt - 44 pts
2026-05-28 12:37:59 - INFO: ✅ 9. FC Augsburg - 43 pts
2026-05-28 12:37:59 - INFO: ✅ 10. FSV Mainz - 40 pts
2026-05-28 12:37:59 - INFO: ✅ 11. Union Berlin - 39 pts
2026-05-28 12:37:59 - INFO: ✅ 12. Monchengladbach - 38 pts
2026-05-28 12:37:59 - INFO: ✅ 13. Hamburger SV - 38 pts
2026-05-28 12:37:59 - INFO: ✅ 14. FC Koln - 32 pts
2026-05-28 12:37:59 - INFO: ✅ 15. Werder Bremen - 32 pts
2026-05-28 12:37:59 - INFO: ✅ 16. Wolfsburg - 29 pts
2026-05-28 12:37:59 - INFO: ✅ 17. Heidenheim - 26 pts
2026-05-28 12:37:59 - INFO: ✅ 18. Sankt Pauli - 26 pts
2026-05-28 12:37:59 - INFO: ✅ Posiciones extraídas: 18 equipos
2026-05-28 12:37:59 - INFO: 🚩 Extrayendo datos de córners...
2026-05-28 12:38:00 - INFO: ✅ Corners extraídos: 18 equipos
2026-05-28 12:38:00 - INFO: ⚽ Extrayendo datos de goles...
2026-05-28 12:38:00 - INFO: ✅ Goals extraídos: 19 equipos
2026-05-28 12:38:00 - INFO: 🎉 Datos completos guardados en static/germany_stats.json

📋 RESUMEN FINAL:
   📊 Posiciones: 18 equipos
   🚩 Corners: 18 equipos
   ⚽ Goals: 19 equipos
   📁 Archivo: static/germany_stats.json

🏆 TOP 5 COMPLETO:

1. Bayern Munich - 89 pts
   🚩 Corners Local: 7.65
   🚩 Corners Visitante: 5.06
   ⚽ Over 1.5: 97%
   ⚽ Over 2.5: 94%
   ⚽ BTS: 65%

2. Dortmund - 73 pts
   🚩 Corners Local: 7.24
   🚩 Corners Visitante: 3.41
   ⚽ Over 1.5: 85%
   ⚽ Over 2.5: 56%
   ⚽ BTS: 50%

3. RB Leipzig - 65 pts
   🚩 Corners Local: 5.88
   🚩 Corners Visitante: 4.71
   ⚽ Over 1.5: 85%
   ⚽ Over 2.5: 71%
   ⚽ BTS: 62%

4. Stuttgart - 62 pts
   🚩 Corners Local: 5.88
   🚩 Corners Visitante: 5.47
   ⚽ Over 1.5: 85%
   ⚽ Over 2.5: 74%
   ⚽ BTS: 62%

5. Hoffenheim - 61 pts
   🚩 Corners Local: 6.41
   🚩 Corners Visitante: 5.18
   ⚽ Over 1.5: 85%
   ⚽ Over 2.5: 71%
   ⚽ BTS: 65%
    OK
  → Ligue 1...
/Users/sergiolimas/PROYECTO_PREDICATOR/.venv/lib/python3.9/site-packages/urllib3/__init__.py:35: NotOpenSSLWarning: urllib3 v2 only supports OpenSSL 1.1.1+, currently the 'ssl' module is compiled with 'LibreSSL 2.8.3'. See: https://github.com/urllib3/urllib3/issues/3020
  warnings.warn(
2026-05-28 12:38:00 - INFO: 🔥 Iniciando extracción completa para liga: FRANCE
2026-05-28 12:38:00 - INFO: 📊 Extrayendo datos de posiciones...
2026-05-28 12:38:02 - INFO: ✅ 1. Paris SG - 76 pts
2026-05-28 12:38:02 - INFO: ✅ 2. Lens - 70 pts
2026-05-28 12:38:02 - INFO: ✅ 3. Lille - 61 pts
2026-05-28 12:38:02 - INFO: ✅ 4. Lyon - 60 pts
2026-05-28 12:38:02 - INFO: ✅ 5. Marseille - 59 pts
2026-05-28 12:38:02 - INFO: ✅ 6. Rennes - 59 pts
2026-05-28 12:38:02 - INFO: ✅ 7. Monaco - 54 pts
2026-05-28 12:38:02 - INFO: ✅ 8. Strasbourg - 53 pts
2026-05-28 12:38:02 - INFO: ✅ 9. Lorient - 45 pts
2026-05-28 12:38:02 - INFO: ✅ 10. Toulouse - 44 pts
2026-05-28 12:38:02 - INFO: ✅ 11. Paris FC - 44 pts
2026-05-28 12:38:02 - INFO: ✅ 12. Brest - 39 pts
2026-05-28 12:38:02 - INFO: ✅ 13. Angers - 36 pts
2026-05-28 12:38:02 - INFO: ✅ 14. Le Havre - 35 pts
2026-05-28 12:38:02 - INFO: ✅ 15. Auxerre - 34 pts
2026-05-28 12:38:02 - INFO: ✅ 16. Nice - 32 pts
2026-05-28 12:38:02 - INFO: ✅ 17. Nantes - 23 pts
2026-05-28 12:38:02 - INFO: ✅ 18. Metz - 17 pts
2026-05-28 12:38:02 - INFO: ✅ Posiciones extraídas: 18 equipos
2026-05-28 12:38:02 - INFO: 🚩 Extrayendo datos de córners...
2026-05-28 12:38:02 - INFO: ✅ Corners extraídos: 18 equipos
2026-05-28 12:38:02 - INFO: ⚽ Extrayendo datos de goles...
2026-05-28 12:38:03 - INFO: ✅ Goals extraídos: 19 equipos
2026-05-28 12:38:03 - INFO: 🎉 Datos completos guardados en static/france_stats.json

📋 RESUMEN FINAL:
   📊 Posiciones: 18 equipos
   🚩 Corners: 18 equipos
   ⚽ Goals: 19 equipos
   📁 Archivo: static/france_stats.json

🏆 TOP 5 COMPLETO:

1. Paris SG - 76 pts
   🚩 Corners Local: 7.47
   🚩 Corners Visitante: 5.24
   ⚽ Over 1.5: 76%
   ⚽ Over 2.5: 62%
   ⚽ BTS: 41%

2. Lens - 70 pts
   🚩 Corners Local: 6.76
   🚩 Corners Visitante: 5.65
   ⚽ Over 1.5: 82%
   ⚽ Over 2.5: 65%
   ⚽ BTS: 50%

3. Lille - 61 pts
   🚩 Corners Local: 6.35
   🚩 Corners Visitante: 5.06
   ⚽ Over 1.5: 65%
   ⚽ Over 2.5: 38%
   ⚽ BTS: 38%

4. Lyon - 60 pts
   🚩 Corners Local: 6.53
   🚩 Corners Visitante: 5.24
   ⚽ Over 1.5: 65%
   ⚽ Over 2.5: 56%
   ⚽ BTS: 50%

5. Marseille - 59 pts
   🚩 Corners Local: 5.59
   🚩 Corners Visitante: 4.76
   ⚽ Over 1.5: 74%
   ⚽ Over 2.5: 62%
   ⚽ BTS: 50%
    OK
  → Brasil...
/Users/sergiolimas/PROYECTO_PREDICATOR/.venv/lib/python3.9/site-packages/urllib3/__init__.py:35: NotOpenSSLWarning: urllib3 v2 only supports OpenSSL 1.1.1+, currently the 'ssl' module is compiled with 'LibreSSL 2.8.3'. See: https://github.com/urllib3/urllib3/issues/3020
  warnings.warn(
2026-05-28 12:38:03,792 - INFO: 🔥 Liga: Brasileirao
2026-05-28 12:38:05,258 - INFO: ✅ 1. Palmeiras - 38 pts
2026-05-28 12:38:05,258 - INFO: ✅ 2. Flamengo - 31 pts
2026-05-28 12:38:05,259 - INFO: ✅ 3. Fluminense - 30 pts
2026-05-28 12:38:05,260 - INFO: ✅ 4. Athletico PR - 27 pts
2026-05-28 12:38:05,260 - INFO: ✅ 5. Bragantino - 26 pts
2026-05-28 12:38:05,261 - INFO: ✅ 6. Coritiba - 26 pts
2026-05-28 12:38:05,261 - INFO: ✅ 7. Sao Paulo - 25 pts
2026-05-28 12:38:05,262 - INFO: ✅ 8. Bahia - 23 pts
2026-05-28 12:38:05,263 - INFO: ✅ 9. Cruzeiro - 23 pts
2026-05-28 12:38:05,263 - INFO: ✅ 10. Botafogo - 22 pts
2026-05-28 12:38:05,264 - INFO: ✅ 11. Vitoria - 22 pts
2026-05-28 12:38:05,264 - INFO: ✅ 12. Internacional - 21 pts
2026-05-28 12:38:05,265 - INFO: ✅ 13. Gremio - 21 pts
2026-05-28 12:38:05,266 - INFO: ✅ 14. Atletico MG - 21 pts
2026-05-28 12:38:05,266 - INFO: ✅ 15. Corinthians - 21 pts
2026-05-28 12:38:05,267 - INFO: ✅ 16. Vasco da Gama - 20 pts
2026-05-28 12:38:05,268 - INFO: ✅ 17. Santos - 18 pts
2026-05-28 12:38:05,268 - INFO: ✅ 18. Mirassol - 16 pts
2026-05-28 12:38:05,269 - INFO: ✅ 19. Remo - 15 pts
2026-05-28 12:38:05,269 - INFO: ✅ 20. Chapecoense - 9 pts
2026-05-28 12:38:05,269 - INFO: ✅ Posiciones: 20 equipos
2026-05-28 12:38:06,086 - INFO: ✅ Goals extraídos: 21 equipos

✅ Archivo generado: static/brazil_stats.json
   📊 Posiciones: 20 | ⚽ Goals: 21
    OK
  → Champions...
/Users/sergiolimas/PROYECTO_PREDICATOR/.venv/lib/python3.9/site-packages/urllib3/__init__.py:35: NotOpenSSLWarning: urllib3 v2 only supports OpenSSL 1.1.1+, currently the 'ssl' module is compiled with 'LibreSSL 2.8.3'. See: https://github.com/urllib3/urllib3/issues/3020
  warnings.warn(
2026-05-28 12:38:06,200 - INFO: 🔥 Liga: Champions League (via ESPN)
2026-05-28 12:38:06,465 - INFO: ✅ 1. Arsenal - 24 pts
2026-05-28 12:38:06,465 - INFO: ✅ 2. Bayern Munich - 21 pts
2026-05-28 12:38:06,465 - INFO: ✅ 3. Liverpool - 18 pts
2026-05-28 12:38:06,465 - INFO: ✅ 4. Tottenham Hotspur - 17 pts
2026-05-28 12:38:06,466 - INFO: ✅ 5. Barcelona - 16 pts
2026-05-28 12:38:06,466 - INFO: ✅ 6. Chelsea - 16 pts
2026-05-28 12:38:06,466 - INFO: ✅ 7. Sporting CP - 16 pts
2026-05-28 12:38:06,466 - INFO: ✅ 8. Manchester City - 16 pts
2026-05-28 12:38:06,466 - INFO: ✅ 9. Real Madrid - 15 pts
2026-05-28 12:38:06,466 - INFO: ✅ 10. Internazionale - 15 pts
2026-05-28 12:38:06,466 - INFO: ✅ 11. Paris Saint-Germain - 14 pts
2026-05-28 12:38:06,466 - INFO: ✅ 12. Newcastle United - 14 pts
2026-05-28 12:38:06,466 - INFO: ✅ 13. Juventus - 13 pts
2026-05-28 12:38:06,466 - INFO: ✅ 14. Atlético Madrid - 13 pts
2026-05-28 12:38:06,466 - INFO: ✅ 15. Atalanta - 13 pts
2026-05-28 12:38:06,467 - INFO: ✅ 16. Bayer Leverkusen - 12 pts
2026-05-28 12:38:06,467 - INFO: ✅ 17. Borussia Dortmund - 11 pts
2026-05-28 12:38:06,467 - INFO: ✅ 18. Olympiacos - 11 pts
2026-05-28 12:38:06,467 - INFO: ✅ 19. Club Brugge - 10 pts
2026-05-28 12:38:06,467 - INFO: ✅ 20. Galatasaray - 10 pts
2026-05-28 12:38:06,467 - INFO: ✅ 21. AS Monaco - 10 pts
2026-05-28 12:38:06,467 - INFO: ✅ 22. FK Qarabag - 10 pts
2026-05-28 12:38:06,467 - INFO: ✅ 23. Bodo/Glimt - 9 pts
2026-05-28 12:38:06,467 - INFO: ✅ 24. Benfica - 9 pts
2026-05-28 12:38:06,467 - INFO: ✅ 25. Marseille - 9 pts
2026-05-28 12:38:06,468 - INFO: ✅ 26. Pafos - 9 pts
2026-05-28 12:38:06,468 - INFO: ✅ 27. Union St.-Gilloise - 9 pts
2026-05-28 12:38:06,468 - INFO: ✅ 28. PSV Eindhoven - 8 pts
2026-05-28 12:38:06,468 - INFO: ✅ 29. Athletic Club - 8 pts
2026-05-28 12:38:06,468 - INFO: ✅ 30. Napoli - 8 pts
2026-05-28 12:38:06,468 - INFO: ✅ 31. F.C. København - 8 pts
2026-05-28 12:38:06,468 - INFO: ✅ 32. Ajax Amsterdam - 6 pts
2026-05-28 12:38:06,468 - INFO: ✅ 33. Eintracht Frankfurt - 4 pts
2026-05-28 12:38:06,468 - INFO: ✅ 34. Slavia Prague - 3 pts
2026-05-28 12:38:06,468 - INFO: ✅ 35. Villarreal - 1 pts
2026-05-28 12:38:06,468 - INFO: ✅ 36. Kairat Almaty - 1 pts
2026-05-28 12:38:06,469 - INFO: ✅ Posiciones: 36 equipos
2026-05-28 12:38:07,784 - WARNING: Goals no disponibles en soccerstats para Champions — usando defaults

✅ Archivo generado: static/uefa-champions-league_stats.json
   📊 Posiciones: 36 | ⚽ Goals: 0
    OK
  → NBA (background)...
/Users/sergiolimas/PROYECTO_PREDICATOR/.venv/lib/python3.9/site-packages/urllib3/__init__.py:35: NotOpenSSLWarning: urllib3 v2 only supports OpenSSL 1.1.1+, currently the 'ssl' module is compiled with 'LibreSSL 2.8.3'. See: https://github.com/urllib3/urllib3/issues/3020
  warnings.warn(
=======================================================
  NBA SCRAPER | nba_api | 2025-26
=======================================================

1. Cargando equipos NBA...
   OK: 30 equipos

2. Obteniendo standings...
   [reintento 1] ('Connection aborted.', TimeoutError(60, 'Operation timed out'))
   [reintento 2] ('Connection aborted.', TimeoutError(60, 'Operation timed out'))
   [reintento 3] ('Connection aborted.', TimeoutError(60, 'Operation timed out'))
   WARN: no se obtuvieron standings

3. Obteniendo stats de equipos...
   [reintento 1] ('Connection aborted.', TimeoutError(60, 'Operation timed out'))
   [reintento 2] HTTPSConnectionPool(host='stats.nba.com', port=443): Read timed out. (read timeout=30)
   [reintento 3] ('Connection aborted.', TimeoutError(60, 'Operation timed out'))
   WARN: no se obtuvieron stats de equipos

4. Obteniendo stats de jugadores...
   [reintento 1] HTTPSConnectionPool(host='stats.nba.com', port=443): Read timed out. (read timeout=30)
   [reintento 2] ('Connection aborted.', TimeoutError(60, 'Operation timed out'))
   [reintento 3] ('Connection aborted.', TimeoutError(60, 'Operation timed out'))
   WARN: no se obtuvieron stats de jugadores

4b. Verificando equipo actual de jugadores traspasados...
    (esto puede tardar ~6 min por rate limit de NBA.com)
   OK: 0 traspasos detectados y corregidos

5. Lesionados: no disponible en nba_api free (todos Active)

6. Construyendo JSON...

ADVERTENCIA: todos los equipos tienen 0 victorias/derrotas — la API no devolvió datos.
  Conservando static/nba_stats.json anterior para no sobreescribir con datos vacíos.
    NBA OK
[2/4] Actualizando resultados de ayer...
/Users/sergiolimas/PROYECTO_PREDICATOR/.venv/lib/python3.9/site-packages/urllib3/__init__.py:35: NotOpenSSLWarning: urllib3 v2 only supports OpenSSL 1.1.1+, currently the 'ssl' module is compiled with 'LibreSSL 2.8.3'. See: https://github.com/urllib3/urllib3/issues/3020
  warnings.warn(
Buscando resultados para 5 predicciones pendientes...
   Sin resultados aún para Copa Libertadores 2026-05-28
   Sin resultados aún para Copa Sudamericana 2026-05-28
Ningún partido ha terminado todavía.
  OK
[3/4] Generando predicciones...
/Users/sergiolimas/PROYECTO_PREDICATOR/.venv/lib/python3.9/site-packages/urllib3/__init__.py:35: NotOpenSSLWarning: urllib3 v2 only supports OpenSSL 1.1.1+, currently the 'ssl' module is compiled with 'LibreSSL 2.8.3'. See: https://github.com/urllib3/urllib3/issues/3020
  warnings.warn(
✅ Picks del 2026-05-28 ya publicados (5 picks) — sin cambios.
   Usa --force para regenerar.
  OK
[4/4] Publicando en GitHub...
